mode: atomic
github.com/seoyhaein/dag-go/debugonly/debug_stub.go:6.19,6.20 0 0
github.com/seoyhaein/dag-go/debugonly/debug_stub.go:9.21,9.37 1 0
github.com/seoyhaein/dag-go/cli/main.go:22.71,25.36 2 0
github.com/seoyhaein/dag-go/cli/main.go:25.36,27.3 1 0
github.com/seoyhaein/dag-go/cli/main.go:28.2,31.9 2 0
github.com/seoyhaein/dag-go/cli/main.go:32.29,33.13 1 0
github.com/seoyhaein/dag-go/cli/main.go:34.20,35.19 1 0
github.com/seoyhaein/dag-go/cli/main.go:39.13,41.2 1 0
github.com/seoyhaein/dag-go/cli/main.go:44.20,46.16 2 0
github.com/seoyhaein/dag-go/cli/main.go:46.16,47.48 1 0
github.com/seoyhaein/dag-go/cli/main.go:55.2,62.29 3 0
github.com/seoyhaein/dag-go/cli/main.go:62.29,64.3 1 0
github.com/seoyhaein/dag-go/cli/main.go:66.2,73.29 2 0
github.com/seoyhaein/dag-go/cli/main.go:73.29,74.69 1 0
github.com/seoyhaein/dag-go/cli/main.go:74.69,75.82 1 0
github.com/seoyhaein/dag-go/cli/main.go:79.2,79.40 1 0
github.com/seoyhaein/dag-go/cli/main.go:79.40,80.50 1 0
github.com/seoyhaein/dag-go/cli/main.go:83.2,86.24 3 0
github.com/seoyhaein/dag-go/cli/main.go:86.24,87.27 1 0
github.com/seoyhaein/dag-go/cli/main.go:89.2,89.18 1 0
github.com/seoyhaein/dag-go/cli/main.go:89.18,90.24 1 0
github.com/seoyhaein/dag-go/cli/main.go:93.2,93.20 1 0
github.com/seoyhaein/dag-go/cli/main.go:93.20,94.32 1 0
github.com/seoyhaein/dag-go/cli/main.go:96.2,97.72 2 0
github.com/seoyhaein/dag-go/dag.go:269.35,278.2 1 111
github.com/seoyhaein/dag-go/dag.go:282.20,284.2 1 90
github.com/seoyhaein/dag-go/dag.go:290.50,291.30 1 126
github.com/seoyhaein/dag-go/dag.go:291.30,293.3 1 2
github.com/seoyhaein/dag-go/dag.go:294.2,294.30 1 126
github.com/seoyhaein/dag-go/dag.go:294.30,296.3 1 2
github.com/seoyhaein/dag-go/dag.go:297.2,297.26 1 126
github.com/seoyhaein/dag-go/dag.go:297.26,299.3 1 2
github.com/seoyhaein/dag-go/dag.go:300.2,300.28 1 126
github.com/seoyhaein/dag-go/dag.go:300.28,302.3 1 2
github.com/seoyhaein/dag-go/dag.go:303.2,303.32 1 126
github.com/seoyhaein/dag-go/dag.go:303.32,305.3 1 3
github.com/seoyhaein/dag-go/dag.go:307.2,307.12 1 126
github.com/seoyhaein/dag-go/dag.go:315.46,326.2 3 110
github.com/seoyhaein/dag-go/dag.go:332.51,335.33 2 14
github.com/seoyhaein/dag-go/dag.go:335.33,337.3 1 15
github.com/seoyhaein/dag-go/dag.go:339.2,341.12 2 14
github.com/seoyhaein/dag-go/dag.go:347.30,349.16 2 68
github.com/seoyhaein/dag-go/dag.go:349.16,351.3 1 0
github.com/seoyhaein/dag-go/dag.go:352.2,352.23 1 68
github.com/seoyhaein/dag-go/dag.go:368.45,371.49 3 38
github.com/seoyhaein/dag-go/dag.go:371.49,374.3 2 2
github.com/seoyhaein/dag-go/dag.go:375.2,375.22 1 36
github.com/seoyhaein/dag-go/dag.go:395.54,398.49 3 4
github.com/seoyhaein/dag-go/dag.go:398.49,401.3 2 2
github.com/seoyhaein/dag-go/dag.go:402.2,402.25 1 2
github.com/seoyhaein/dag-go/dag.go:423.59,429.12 5 21
github.com/seoyhaein/dag-go/dag.go:429.12,432.3 2 3
github.com/seoyhaein/dag-go/dag.go:433.2,433.14 1 18
github.com/seoyhaein/dag-go/dag.go:433.14,435.3 1 1
github.com/seoyhaein/dag-go/dag.go:437.2,440.18 3 17
github.com/seoyhaein/dag-go/dag.go:441.25,445.14 2 16
github.com/seoyhaein/dag-go/dag.go:447.83,449.15 2 1
github.com/seoyhaein/dag-go/dag.go:451.10,453.15 2 0
github.com/seoyhaein/dag-go/dag.go:463.96,467.49 3 5
github.com/seoyhaein/dag-go/dag.go:467.49,469.21 2 2
github.com/seoyhaein/dag-go/dag.go:469.21,471.4 1 2
github.com/seoyhaein/dag-go/dag.go:472.3,472.25 1 2
github.com/seoyhaein/dag-go/dag.go:475.2,475.23 1 3
github.com/seoyhaein/dag-go/dag.go:475.23,477.39 1 6
github.com/seoyhaein/dag-go/dag.go:477.39,479.12 2 1
github.com/seoyhaein/dag-go/dag.go:482.3,483.15 2 5
github.com/seoyhaein/dag-go/dag.go:483.15,485.12 2 1
github.com/seoyhaein/dag-go/dag.go:488.3,489.19 2 4
github.com/seoyhaein/dag-go/dag.go:490.26,493.13 2 3
github.com/seoyhaein/dag-go/dag.go:495.84,497.33 1 1
github.com/seoyhaein/dag-go/dag.go:499.11,501.33 1 0
github.com/seoyhaein/dag-go/dag.go:503.3,503.16 1 4
github.com/seoyhaein/dag-go/dag.go:505.2,505.34 1 3
github.com/seoyhaein/dag-go/dag.go:511.61,513.16 2 10
github.com/seoyhaein/dag-go/dag.go:513.16,515.3 1 0
github.com/seoyhaein/dag-go/dag.go:516.2,516.23 1 10
github.com/seoyhaein/dag-go/dag.go:522.51,523.24 1 2
github.com/seoyhaein/dag-go/dag.go:523.24,526.3 2 2
github.com/seoyhaein/dag-go/dag.go:545.52,546.24 1 7
github.com/seoyhaein/dag-go/dag.go:546.24,548.3 1 7
github.com/seoyhaein/dag-go/dag.go:553.75,554.24 1 1
github.com/seoyhaein/dag-go/dag.go:554.24,558.3 3 1
github.com/seoyhaein/dag-go/dag.go:563.41,564.24 1 3
github.com/seoyhaein/dag-go/dag.go:564.24,566.3 1 3
github.com/seoyhaein/dag-go/dag.go:573.47,574.24 1 1
github.com/seoyhaein/dag-go/dag.go:574.24,576.3 1 1
github.com/seoyhaein/dag-go/dag.go:584.49,590.18 2 1
github.com/seoyhaein/dag-go/dag.go:590.18,592.13 2 4
github.com/seoyhaein/dag-go/dag.go:592.13,594.37 2 4
github.com/seoyhaein/dag-go/dag.go:594.37,596.12 1 4
github.com/seoyhaein/dag-go/dag.go:597.28,597.28 0 0
github.com/seoyhaein/dag-go/dag.go:598.13,599.41 1 4
github.com/seoyhaein/dag-go/dag.go:605.2,605.13 1 1
github.com/seoyhaein/dag-go/dag.go:609.47,611.2 1 4
github.com/seoyhaein/dag-go/dag.go:615.33,616.24 1 1
github.com/seoyhaein/dag-go/dag.go:616.24,616.46 1 1
github.com/seoyhaein/dag-go/dag.go:617.2,617.13 1 1
github.com/seoyhaein/dag-go/dag.go:628.42,633.34 3 83
github.com/seoyhaein/dag-go/dag.go:633.34,637.3 3 1
github.com/seoyhaein/dag-go/dag.go:640.2,640.26 1 83
github.com/seoyhaein/dag-go/dag.go:640.26,642.3 1 1
github.com/seoyhaein/dag-go/dag.go:643.2,644.17 2 82
github.com/seoyhaein/dag-go/dag.go:644.17,646.3 1 0
github.com/seoyhaein/dag-go/dag.go:647.2,652.17 4 82
github.com/seoyhaein/dag-go/dag.go:661.40,662.27 1 256
github.com/seoyhaein/dag-go/dag.go:662.27,668.3 2 192
github.com/seoyhaein/dag-go/dag.go:677.60,681.23 3 5
github.com/seoyhaein/dag-go/dag.go:681.23,683.3 1 0
github.com/seoyhaein/dag-go/dag.go:684.2,687.6 3 5
github.com/seoyhaein/dag-go/dag.go:687.6,688.10 1 10
github.com/seoyhaein/dag-go/dag.go:689.24,690.11 1 6
github.com/seoyhaein/dag-go/dag.go:690.11,693.5 1 1
github.com/seoyhaein/dag-go/dag.go:694.4,694.28 1 5
github.com/seoyhaein/dag-go/dag.go:695.18,696.15 1 1
github.com/seoyhaein/dag-go/dag.go:697.21,698.15 1 3
github.com/seoyhaein/dag-go/dag.go:704.83,705.67 1 2217
github.com/seoyhaein/dag-go/dag.go:705.67,707.3 1 2
github.com/seoyhaein/dag-go/dag.go:710.2,710.46 1 2215
github.com/seoyhaein/dag-go/dag.go:710.46,712.3 1 4
github.com/seoyhaein/dag-go/dag.go:714.2,721.21 3 2211
github.com/seoyhaein/dag-go/dag.go:725.64,726.15 1 60479
github.com/seoyhaein/dag-go/dag.go:726.15,728.3 1 0
github.com/seoyhaein/dag-go/dag.go:729.2,729.35 1 60479
github.com/seoyhaein/dag-go/dag.go:729.35,731.3 1 7
github.com/seoyhaein/dag-go/dag.go:731.8,733.3 1 60472
github.com/seoyhaein/dag-go/dag.go:737.33,738.33 1 62
github.com/seoyhaein/dag-go/dag.go:738.33,740.3 1 40147
github.com/seoyhaein/dag-go/dag.go:741.2,742.36 2 62
github.com/seoyhaein/dag-go/dag.go:742.36,744.3 1 20208
github.com/seoyhaein/dag-go/dag.go:745.2,745.40 1 62
github.com/seoyhaein/dag-go/dag.go:750.85,751.30 1 2
github.com/seoyhaein/dag-go/dag.go:751.30,752.53 1 2
github.com/seoyhaein/dag-go/dag.go:752.53,754.4 1 1
github.com/seoyhaein/dag-go/dag.go:756.2,756.12 1 1
github.com/seoyhaein/dag-go/dag.go:766.36,768.20 2 26
github.com/seoyhaein/dag-go/dag.go:768.20,770.3 1 1
github.com/seoyhaein/dag-go/dag.go:771.2,772.53 2 25
github.com/seoyhaein/dag-go/dag.go:779.39,781.2 1 26
github.com/seoyhaein/dag-go/dag.go:786.32,788.2 1 4
github.com/seoyhaein/dag-go/dag.go:792.33,798.2 5 3
github.com/seoyhaein/dag-go/dag.go:802.38,805.26 3 2
github.com/seoyhaein/dag-go/dag.go:805.26,807.3 1 1
github.com/seoyhaein/dag-go/dag.go:808.2,808.25 1 1
github.com/seoyhaein/dag-go/dag.go:813.36,816.24 3 2
github.com/seoyhaein/dag-go/dag.go:816.24,818.3 1 1
github.com/seoyhaein/dag-go/dag.go:819.2,819.23 1 1
github.com/seoyhaein/dag-go/dag.go:825.45,829.19 3 24
github.com/seoyhaein/dag-go/dag.go:829.19,831.3 1 0
github.com/seoyhaein/dag-go/dag.go:832.2,832.38 1 24
github.com/seoyhaein/dag-go/dag.go:832.38,835.3 2 2
github.com/seoyhaein/dag-go/dag.go:836.2,836.27 1 22
github.com/seoyhaein/dag-go/dag.go:842.89,846.19 3 5
github.com/seoyhaein/dag-go/dag.go:846.19,848.3 1 0
github.com/seoyhaein/dag-go/dag.go:849.2,849.38 1 5
github.com/seoyhaein/dag-go/dag.go:849.38,852.3 2 2
github.com/seoyhaein/dag-go/dag.go:853.2,853.14 1 3
github.com/seoyhaein/dag-go/dag.go:853.14,855.3 1 2
github.com/seoyhaein/dag-go/dag.go:856.2,856.27 1 1
github.com/seoyhaein/dag-go/dag.go:860.45,862.40 1 1279
github.com/seoyhaein/dag-go/dag.go:862.40,864.3 1 2
github.com/seoyhaein/dag-go/dag.go:866.2,867.29 2 1277
github.com/seoyhaein/dag-go/dag.go:867.29,869.3 1 34
github.com/seoyhaein/dag-go/dag.go:869.8,871.3 1 1243
github.com/seoyhaein/dag-go/dag.go:874.2,879.38 4 1277
github.com/seoyhaein/dag-go/dag.go:879.38,881.3 1 1137
github.com/seoyhaein/dag-go/dag.go:883.2,883.13 1 1277
github.com/seoyhaein/dag-go/dag.go:886.74,888.40 1 2
github.com/seoyhaein/dag-go/dag.go:888.40,890.3 1 1
github.com/seoyhaein/dag-go/dag.go:892.2,893.29 2 1
github.com/seoyhaein/dag-go/dag.go:893.29,896.3 1 0
github.com/seoyhaein/dag-go/dag.go:896.8,898.3 1 1
github.com/seoyhaein/dag-go/dag.go:901.2,908.38 5 1
github.com/seoyhaein/dag-go/dag.go:908.38,910.3 1 1
github.com/seoyhaein/dag-go/dag.go:912.2,912.13 1 1
github.com/seoyhaein/dag-go/dag.go:918.46,919.16 1 1158
github.com/seoyhaein/dag-go/dag.go:919.16,921.3 1 3
github.com/seoyhaein/dag-go/dag.go:922.2,922.31 1 1155
github.com/seoyhaein/dag-go/dag.go:922.31,924.3 1 4
github.com/seoyhaein/dag-go/dag.go:925.2,925.29 1 1151
github.com/seoyhaein/dag-go/dag.go:925.29,927.3 1 3
github.com/seoyhaein/dag-go/dag.go:928.2,928.12 1 1148
github.com/seoyhaein/dag-go/dag.go:933.48,934.51 1 1133
github.com/seoyhaein/dag-go/dag.go:934.51,937.3 2 8
github.com/seoyhaein/dag-go/dag.go:939.2,943.34 3 1125
github.com/seoyhaein/dag-go/dag.go:943.34,947.3 3 7
github.com/seoyhaein/dag-go/dag.go:951.2,951.27 1 1125
github.com/seoyhaein/dag-go/dag.go:951.27,953.3 1 1
github.com/seoyhaein/dag-go/dag.go:954.2,954.19 1 1124
github.com/seoyhaein/dag-go/dag.go:954.19,956.3 1 0
github.com/seoyhaein/dag-go/dag.go:964.2,964.21 1 1124
github.com/seoyhaein/dag-go/dag.go:964.21,966.3 1 1
github.com/seoyhaein/dag-go/dag.go:967.2,967.38 1 1123
github.com/seoyhaein/dag-go/dag.go:967.38,969.3 1 3
github.com/seoyhaein/dag-go/dag.go:972.2,972.52 1 1120
github.com/seoyhaein/dag-go/dag.go:972.52,973.41 1 2240
github.com/seoyhaein/dag-go/dag.go:973.41,975.4 1 1128
github.com/seoyhaein/dag-go/dag.go:976.3,977.18 2 1112
github.com/seoyhaein/dag-go/dag.go:977.18,979.4 1 0
github.com/seoyhaein/dag-go/dag.go:980.3,980.19 1 1112
github.com/seoyhaein/dag-go/dag.go:983.2,984.16 2 1120
github.com/seoyhaein/dag-go/dag.go:984.16,986.3 1 0
github.com/seoyhaein/dag-go/dag.go:987.2,988.16 2 1120
github.com/seoyhaein/dag-go/dag.go:988.16,990.3 1 0
github.com/seoyhaein/dag-go/dag.go:993.2,994.38 2 1120
github.com/seoyhaein/dag-go/dag.go:994.38,996.3 1 2
github.com/seoyhaein/dag-go/dag.go:997.2,997.17 1 1118
github.com/seoyhaein/dag-go/dag.go:997.17,999.3 1 0
github.com/seoyhaein/dag-go/dag.go:1002.2,1007.12 5 1118
github.com/seoyhaein/dag-go/dag.go:1011.60,1012.51 1 25
github.com/seoyhaein/dag-go/dag.go:1012.51,1015.3 2 2
github.com/seoyhaein/dag-go/dag.go:1017.2,1021.34 3 23
github.com/seoyhaein/dag-go/dag.go:1021.34,1025.3 3 5
github.com/seoyhaein/dag-go/dag.go:1029.2,1029.27 1 23
github.com/seoyhaein/dag-go/dag.go:1029.27,1031.3 1 1
github.com/seoyhaein/dag-go/dag.go:1032.2,1032.19 1 22
github.com/seoyhaein/dag-go/dag.go:1032.19,1034.3 1 0
github.com/seoyhaein/dag-go/dag.go:1037.2,1037.21 1 22
github.com/seoyhaein/dag-go/dag.go:1037.21,1039.3 1 1
github.com/seoyhaein/dag-go/dag.go:1040.2,1040.38 1 21
github.com/seoyhaein/dag-go/dag.go:1040.38,1042.3 1 2
github.com/seoyhaein/dag-go/dag.go:1045.2,1045.44 1 19
github.com/seoyhaein/dag-go/dag.go:1045.44,1046.41 1 38
github.com/seoyhaein/dag-go/dag.go:1046.41,1048.4 1 37
github.com/seoyhaein/dag-go/dag.go:1049.3,1049.64 1 1
github.com/seoyhaein/dag-go/dag.go:1052.2,1053.16 2 19
github.com/seoyhaein/dag-go/dag.go:1053.16,1055.3 1 0
github.com/seoyhaein/dag-go/dag.go:1056.2,1057.16 2 19
github.com/seoyhaein/dag-go/dag.go:1057.16,1059.3 1 1
github.com/seoyhaein/dag-go/dag.go:1062.2,1063.38 2 18
github.com/seoyhaein/dag-go/dag.go:1063.38,1065.3 1 0
github.com/seoyhaein/dag-go/dag.go:1066.2,1066.17 1 18
github.com/seoyhaein/dag-go/dag.go:1066.17,1068.3 1 0
github.com/seoyhaein/dag-go/dag.go:1071.2,1076.12 5 18
github.com/seoyhaein/dag-go/dag.go:1080.58,1082.34 1 1077
github.com/seoyhaein/dag-go/dag.go:1082.34,1086.3 3 3
github.com/seoyhaein/dag-go/dag.go:1089.2,1089.21 1 1077
github.com/seoyhaein/dag-go/dag.go:1089.21,1091.3 1 1
github.com/seoyhaein/dag-go/dag.go:1092.2,1092.19 1 1076
github.com/seoyhaein/dag-go/dag.go:1092.19,1094.3 1 1
github.com/seoyhaein/dag-go/dag.go:1097.2,1098.38 2 1075
github.com/seoyhaein/dag-go/dag.go:1098.38,1100.3 1 1
github.com/seoyhaein/dag-go/dag.go:1101.2,1101.17 1 1074
github.com/seoyhaein/dag-go/dag.go:1101.17,1103.3 1 0
github.com/seoyhaein/dag-go/dag.go:1106.2,1113.12 5 1074
github.com/seoyhaein/dag-go/dag.go:1119.46,1120.26 1 63
github.com/seoyhaein/dag-go/dag.go:1120.26,1121.47 1 1188
github.com/seoyhaein/dag-go/dag.go:1121.47,1122.12 1 1187
github.com/seoyhaein/dag-go/dag.go:1124.3,1124.43 1 1
github.com/seoyhaein/dag-go/dag.go:1124.43,1125.12 1 0
github.com/seoyhaein/dag-go/dag.go:1127.3,1127.22 1 1
github.com/seoyhaein/dag-go/dag.go:1127.22,1129.4 1 0
github.com/seoyhaein/dag-go/dag.go:1130.3,1130.69 1 1
github.com/seoyhaein/dag-go/dag.go:1132.2,1132.12 1 62
github.com/seoyhaein/dag-go/dag.go:1137.52,1139.26 2 62
github.com/seoyhaein/dag-go/dag.go:1139.26,1140.24 1 1183
github.com/seoyhaein/dag-go/dag.go:1140.24,1141.12 1 61
github.com/seoyhaein/dag-go/dag.go:1143.3,1143.23 1 1122
github.com/seoyhaein/dag-go/dag.go:1143.23,1145.4 1 1
github.com/seoyhaein/dag-go/dag.go:1147.2,1147.12 1 61
github.com/seoyhaein/dag-go/dag.go:1152.55,1153.26 1 64
github.com/seoyhaein/dag-go/dag.go:1153.26,1155.3 1 1
github.com/seoyhaein/dag-go/dag.go:1156.2,1156.50 1 63
github.com/seoyhaein/dag-go/dag.go:1156.50,1158.3 1 1
github.com/seoyhaein/dag-go/dag.go:1159.2,1159.51 1 62
github.com/seoyhaein/dag-go/dag.go:1159.51,1161.3 1 1
github.com/seoyhaein/dag-go/dag.go:1163.2,1163.22 1 61
github.com/seoyhaein/dag-go/dag.go:1163.22,1165.3 1 3
github.com/seoyhaein/dag-go/dag.go:1166.2,1166.12 1 58
github.com/seoyhaein/dag-go/dag.go:1170.35,1175.34 3 67
github.com/seoyhaein/dag-go/dag.go:1175.34,1179.3 3 9
github.com/seoyhaein/dag-go/dag.go:1183.2,1183.27 1 67
github.com/seoyhaein/dag-go/dag.go:1183.27,1185.3 1 1
github.com/seoyhaein/dag-go/dag.go:1186.2,1186.19 1 66
github.com/seoyhaein/dag-go/dag.go:1186.19,1188.3 1 1
github.com/seoyhaein/dag-go/dag.go:1189.2,1189.25 1 65
github.com/seoyhaein/dag-go/dag.go:1189.25,1191.3 1 1
github.com/seoyhaein/dag-go/dag.go:1194.2,1195.30 2 64
github.com/seoyhaein/dag-go/dag.go:1195.30,1197.3 1 1189
github.com/seoyhaein/dag-go/dag.go:1203.2,1203.52 1 64
github.com/seoyhaein/dag-go/dag.go:1203.52,1205.3 1 6
github.com/seoyhaein/dag-go/dag.go:1210.2,1211.24 2 58
github.com/seoyhaein/dag-go/dag.go:1211.24,1213.3 1 0
github.com/seoyhaein/dag-go/dag.go:1217.2,1220.26 2 58
github.com/seoyhaein/dag-go/dag.go:1220.26,1221.46 1 1171
github.com/seoyhaein/dag-go/dag.go:1221.46,1222.57 1 1073
github.com/seoyhaein/dag-go/dag.go:1222.57,1224.5 1 0
github.com/seoyhaein/dag-go/dag.go:1228.2,1229.12 2 58
github.com/seoyhaein/dag-go/dag.go:1234.25,1241.30 3 23
github.com/seoyhaein/dag-go/dag.go:1241.30,1249.3 7 19053
github.com/seoyhaein/dag-go/dag.go:1253.2,1253.26 1 23
github.com/seoyhaein/dag-go/dag.go:1253.26,1259.3 3 23
github.com/seoyhaein/dag-go/dag.go:1264.2,1264.33 1 23
github.com/seoyhaein/dag-go/dag.go:1264.33,1266.56 2 38012
github.com/seoyhaein/dag-go/dag.go:1266.56,1270.4 3 38012
github.com/seoyhaein/dag-go/dag.go:1271.3,1271.53 1 38012
github.com/seoyhaein/dag-go/dag.go:1271.53,1275.4 3 38012
github.com/seoyhaein/dag-go/dag.go:1280.2,1294.24 7 23
github.com/seoyhaein/dag-go/dag.go:1315.25,1318.24 3 23
github.com/seoyhaein/dag-go/dag.go:1318.24,1321.3 2 1
github.com/seoyhaein/dag-go/dag.go:1322.2,1322.13 1 22
github.com/seoyhaein/dag-go/dag.go:1327.32,1330.24 3 2
github.com/seoyhaein/dag-go/dag.go:1330.24,1332.3 1 1
github.com/seoyhaein/dag-go/dag.go:1333.2,1334.12 2 1
github.com/seoyhaein/dag-go/dag.go:1342.40,1346.49 3 67
github.com/seoyhaein/dag-go/dag.go:1346.49,1348.3 1 1
github.com/seoyhaein/dag-go/dag.go:1349.2,1349.24 1 66
github.com/seoyhaein/dag-go/dag.go:1349.24,1351.3 1 1
github.com/seoyhaein/dag-go/dag.go:1352.2,1352.30 1 65
github.com/seoyhaein/dag-go/dag.go:1352.30,1354.3 1 20219
github.com/seoyhaein/dag-go/dag.go:1355.2,1355.12 1 65
github.com/seoyhaein/dag-go/dag.go:1360.38,1361.45 1 65
github.com/seoyhaein/dag-go/dag.go:1361.45,1364.3 2 1
github.com/seoyhaein/dag-go/dag.go:1365.2,1365.13 1 64
github.com/seoyhaein/dag-go/dag.go:1380.54,1381.16 1 65
github.com/seoyhaein/dag-go/dag.go:1381.16,1383.3 1 0
github.com/seoyhaein/dag-go/dag.go:1385.2,1389.11 4 65
github.com/seoyhaein/dag-go/dag.go:1389.11,1391.3 1 1
github.com/seoyhaein/dag-go/dag.go:1392.2,1392.20 1 64
github.com/seoyhaein/dag-go/dag.go:1392.20,1394.3 1 1
github.com/seoyhaein/dag-go/dag.go:1395.2,1395.48 1 63
github.com/seoyhaein/dag-go/dag.go:1395.48,1397.3 1 0
github.com/seoyhaein/dag-go/dag.go:1399.2,1399.27 1 63
github.com/seoyhaein/dag-go/dag.go:1399.27,1401.3 1 1
github.com/seoyhaein/dag-go/dag.go:1404.2,1404.30 1 62
github.com/seoyhaein/dag-go/dag.go:1404.30,1405.22 1 20209
github.com/seoyhaein/dag-go/dag.go:1405.22,1407.4 1 1
github.com/seoyhaein/dag-go/dag.go:1415.2,1415.42 1 61
github.com/seoyhaein/dag-go/dag.go:1415.42,1418.3 1 1
github.com/seoyhaein/dag-go/dag.go:1419.2,1427.30 5 60
github.com/seoyhaein/dag-go/dag.go:1427.30,1431.54 4 20205
github.com/seoyhaein/dag-go/dag.go:1431.54,1434.4 2 20205
github.com/seoyhaein/dag-go/dag.go:1437.2,1438.12 2 60
github.com/seoyhaein/dag-go/dag.go:1442.52,1443.43 1 63
github.com/seoyhaein/dag-go/dag.go:1443.43,1446.3 2 4
github.com/seoyhaein/dag-go/dag.go:1447.2,1447.13 1 59
github.com/seoyhaein/dag-go/dag.go:1462.32,1471.41 5 64
github.com/seoyhaein/dag-go/dag.go:1471.41,1473.3 1 2
github.com/seoyhaein/dag-go/dag.go:1475.2,1475.46 1 62
github.com/seoyhaein/dag-go/dag.go:1475.46,1477.3 1 2
github.com/seoyhaein/dag-go/dag.go:1478.2,1478.26 1 60
github.com/seoyhaein/dag-go/dag.go:1478.26,1482.3 3 1
github.com/seoyhaein/dag-go/dag.go:1483.2,1484.12 2 59
github.com/seoyhaein/dag-go/dag.go:1488.30,1489.37 1 59
github.com/seoyhaein/dag-go/dag.go:1489.37,1492.3 2 2
github.com/seoyhaein/dag-go/dag.go:1493.2,1493.13 1 57
github.com/seoyhaein/dag-go/dag.go:1511.48,1512.16 1 61
github.com/seoyhaein/dag-go/dag.go:1512.16,1514.3 1 0
github.com/seoyhaein/dag-go/dag.go:1516.2,1516.27 1 61
github.com/seoyhaein/dag-go/dag.go:1516.27,1518.3 1 1
github.com/seoyhaein/dag-go/dag.go:1530.2,1530.15 1 60
github.com/seoyhaein/dag-go/dag.go:1530.15,1534.3 3 60
github.com/seoyhaein/dag-go/dag.go:1537.2,1539.18 3 60
github.com/seoyhaein/dag-go/dag.go:1539.18,1541.3 1 0
github.com/seoyhaein/dag-go/dag.go:1541.8,1543.3 1 60
github.com/seoyhaein/dag-go/dag.go:1544.2,1550.12 3 60
github.com/seoyhaein/dag-go/dag.go:1550.12,1552.3 1 60
github.com/seoyhaein/dag-go/dag.go:1554.2,1554.6 1 60
github.com/seoyhaein/dag-go/dag.go:1554.6,1555.10 1 60493
github.com/seoyhaein/dag-go/dag.go:1556.28,1559.11 1 0
github.com/seoyhaein/dag-go/dag.go:1559.11,1561.5 1 0
github.com/seoyhaein/dag-go/dag.go:1563.48,1564.11 1 60491
github.com/seoyhaein/dag-go/dag.go:1564.11,1567.5 1 0
github.com/seoyhaein/dag-go/dag.go:1569.4,1569.27 1 60491
github.com/seoyhaein/dag-go/dag.go:1569.27,1576.34 3 164
github.com/seoyhaein/dag-go/dag.go:1576.34,1578.6 1 5
github.com/seoyhaein/dag-go/dag.go:1579.5,1579.29 1 159
github.com/seoyhaein/dag-go/dag.go:1579.29,1581.6 1 53
github.com/seoyhaein/dag-go/dag.go:1582.10,1584.5 1 60327
github.com/seoyhaein/dag-go/dag.go:1585.25,1587.16 2 2
github.com/seoyhaein/dag-go/dag.go:1595.50,1596.20 1 3
github.com/seoyhaein/dag-go/dag.go:1596.20,1597.23 1 2
github.com/seoyhaein/dag-go/dag.go:1597.23,1599.4 1 1
github.com/seoyhaein/dag-go/dag.go:1600.3,1600.88 1 1
github.com/seoyhaein/dag-go/dag.go:1602.2,1602.12 1 1
github.com/seoyhaein/dag-go/dag.go:1615.18,1620.3 1 21
github.com/seoyhaein/dag-go/dag.go:1626.51,1629.22 3 62
github.com/seoyhaein/dag-go/dag.go:1629.22,1630.32 1 1193
github.com/seoyhaein/dag-go/dag.go:1630.32,1632.4 1 10
github.com/seoyhaein/dag-go/dag.go:1633.3,1634.36 2 1183
github.com/seoyhaein/dag-go/dag.go:1634.36,1636.4 1 1131
github.com/seoyhaein/dag-go/dag.go:1638.2,1639.16 2 62
github.com/seoyhaein/dag-go/dag.go:1643.73,1644.23 1 1596
github.com/seoyhaein/dag-go/dag.go:1644.23,1646.3 1 4
github.com/seoyhaein/dag-go/dag.go:1647.2,1647.22 1 1592
github.com/seoyhaein/dag-go/dag.go:1647.22,1649.3 1 393
github.com/seoyhaein/dag-go/dag.go:1650.2,1653.38 3 1199
github.com/seoyhaein/dag-go/dag.go:1653.38,1654.47 1 1150
github.com/seoyhaein/dag-go/dag.go:1654.47,1656.4 1 11
github.com/seoyhaein/dag-go/dag.go:1659.2,1660.14 2 1188
github.com/seoyhaein/dag-go/dag.go:1667.33,1677.33 5 64
github.com/seoyhaein/dag-go/dag.go:1677.33,1678.30 1 1192
github.com/seoyhaein/dag-go/dag.go:1678.30,1679.59 1 446
github.com/seoyhaein/dag-go/dag.go:1679.59,1681.5 1 4
github.com/seoyhaein/dag-go/dag.go:1684.2,1684.14 1 60
github.com/seoyhaein/dag-go/dag.go:1692.33,1696.2 3 3
github.com/seoyhaein/dag-go/dag.go:1701.29,1702.74 1 20219
github.com/seoyhaein/dag-go/dag.go:1702.74,1707.39 1 20205
github.com/seoyhaein/dag-go/dag.go:1707.39,1709.41 2 60585
github.com/seoyhaein/dag-go/dag.go:1709.41,1711.5 1 2
github.com/seoyhaein/dag-go/dag.go:1717.3,1718.25 2 20205
github.com/seoyhaein/dag-go/dag.go:1718.25,1720.4 1 20205
github.com/seoyhaein/dag-go/dag.go:1721.3,1721.63 1 20205
github.com/seoyhaein/dag-go/dag.go:1721.63,1727.4 5 1
github.com/seoyhaein/dag-go/dag.go:1731.3,1731.74 1 20204
github.com/seoyhaein/dag-go/dag.go:1731.74,1733.4 1 0
github.com/seoyhaein/dag-go/dag.go:1738.3,1740.36 3 20204
github.com/seoyhaein/dag-go/dag.go:1740.36,1741.74 1 10
github.com/seoyhaein/dag-go/dag.go:1741.74,1743.5 1 0
github.com/seoyhaein/dag-go/dag.go:1744.4,1746.10 3 10
github.com/seoyhaein/dag-go/dag.go:1748.3,1755.56 2 20194
github.com/seoyhaein/dag-go/dag.go:1755.56,1756.11 1 20194
github.com/seoyhaein/dag-go/dag.go:1757.34,1758.18 1 20194
github.com/seoyhaein/dag-go/dag.go:1758.18,1758.34 1 20194
github.com/seoyhaein/dag-go/dag.go:1759.22,1762.75 3 0
github.com/seoyhaein/dag-go/dag.go:1762.75,1764.6 1 0
github.com/seoyhaein/dag-go/dag.go:1765.5,1767.11 3 0
github.com/seoyhaein/dag-go/dag.go:1781.3,1787.10 6 20194
github.com/seoyhaein/dag-go/dag.go:1788.24,1789.63 1 3
github.com/seoyhaein/dag-go/dag.go:1790.68,1791.85 1 20060
github.com/seoyhaein/dag-go/dag.go:1792.11,1793.49 1 131
github.com/seoyhaein/dag-go/dag.go:1795.3,1800.35 4 20194
github.com/seoyhaein/dag-go/dag.go:1800.35,1801.74 1 8
github.com/seoyhaein/dag-go/dag.go:1801.74,1803.5 1 0
github.com/seoyhaein/dag-go/dag.go:1804.4,1806.10 3 8
github.com/seoyhaein/dag-go/dag.go:1808.3,1813.37 4 20186
github.com/seoyhaein/dag-go/dag.go:1813.37,1814.74 1 0
github.com/seoyhaein/dag-go/dag.go:1814.74,1816.5 1 0
github.com/seoyhaein/dag-go/dag.go:1817.9,1818.77 1 20186
github.com/seoyhaein/dag-go/dag.go:1818.77,1820.5 1 0
github.com/seoyhaein/dag-go/dag.go:1822.3,1822.25 1 20186
github.com/seoyhaein/dag-go/dag.go:1827.49,1829.29 1 61
github.com/seoyhaein/dag-go/dag.go:1829.29,1831.3 1 1
github.com/seoyhaein/dag-go/dag.go:1833.2,1833.52 1 60
github.com/seoyhaein/dag-go/dag.go:1841.112,1844.30 2 60
github.com/seoyhaein/dag-go/dag.go:1844.30,1845.22 1 20205
github.com/seoyhaein/dag-go/dag.go:1845.22,1846.37 1 20205
github.com/seoyhaein/dag-go/dag.go:1846.37,1847.41 1 60535
github.com/seoyhaein/dag-go/dag.go:1847.41,1849.6 1 31
github.com/seoyhaein/dag-go/dag.go:1851.4,1851.14 1 20174
github.com/seoyhaein/dag-go/dag.go:1855.2,1855.25 1 60
github.com/seoyhaein/dag-go/dag.go:1859.27,1860.11 1 3
github.com/seoyhaein/dag-go/dag.go:1860.11,1862.3 1 1
github.com/seoyhaein/dag-go/dag.go:1863.2,1863.10 1 2
github.com/seoyhaein/dag-go/dag.go:1895.36,1901.28 4 3
github.com/seoyhaein/dag-go/dag.go:1901.28,1903.3 1 10
github.com/seoyhaein/dag-go/dag.go:1904.2,1912.33 5 3
github.com/seoyhaein/dag-go/dag.go:1912.33,1915.3 2 7
github.com/seoyhaein/dag-go/dag.go:1918.2,1918.33 1 3
github.com/seoyhaein/dag-go/dag.go:1918.33,1920.3 1 7
github.com/seoyhaein/dag-go/dag.go:1922.2,1922.20 1 3
github.com/seoyhaein/dag-go/dag.go:1929.120,1930.21 1 14
github.com/seoyhaein/dag-go/dag.go:1930.21,1932.3 1 4
github.com/seoyhaein/dag-go/dag.go:1933.2,1935.16 3 10
github.com/seoyhaein/dag-go/dag.go:1936.26,1937.73 1 6
github.com/seoyhaein/dag-go/dag.go:1938.10,1939.88 1 4
github.com/seoyhaein/dag-go/dag.go:1947.54,1948.14 1 4
github.com/seoyhaein/dag-go/dag.go:1948.14,1949.36 1 4
github.com/seoyhaein/dag-go/dag.go:1949.36,1951.4 1 1
github.com/seoyhaein/dag-go/dag.go:1953.2,1953.35 1 3
github.com/seoyhaein/dag-go/dag.go:1959.56,1964.25 3 3
github.com/seoyhaein/dag-go/dag.go:1964.25,1968.3 3 10
github.com/seoyhaein/dag-go/dag.go:1972.2,1974.25 3 3
github.com/seoyhaein/dag-go/dag.go:1974.25,1976.23 2 10
github.com/seoyhaein/dag-go/dag.go:1976.23,1979.4 2 0
github.com/seoyhaein/dag-go/dag.go:1979.9,1981.4 1 10
github.com/seoyhaein/dag-go/dag.go:1983.2,1983.15 1 3
github.com/seoyhaein/dag-go/dag.go:1989.40,1992.23 3 10
github.com/seoyhaein/dag-go/dag.go:1992.23,1993.93 1 71
github.com/seoyhaein/dag-go/dag.go:1993.93,1995.4 1 69
github.com/seoyhaein/dag-go/dag.go:1995.9,1997.4 1 2
github.com/seoyhaein/dag-go/dag.go:1999.2,1999.19 1 10
github.com/seoyhaein/dag-go/dag.go:2007.42,2012.2 4 10
github.com/seoyhaein/dag-go/dag.go:2031.48,2032.21 1 6
github.com/seoyhaein/dag-go/dag.go:2032.21,2034.3 1 1
github.com/seoyhaein/dag-go/dag.go:2035.2,2035.32 1 5
github.com/seoyhaein/dag-go/dag.go:2035.32,2037.3 1 1
github.com/seoyhaein/dag-go/dag.go:2039.2,2056.32 5 4
github.com/seoyhaein/dag-go/dag.go:2056.32,2058.18 2 12
github.com/seoyhaein/dag-go/dag.go:2059.18,2060.27 1 3
github.com/seoyhaein/dag-go/dag.go:2061.16,2062.25 1 3
github.com/seoyhaein/dag-go/dag.go:2067.2,2073.29 2 4
github.com/seoyhaein/dag-go/dag.go:2073.29,2077.3 1 3
github.com/seoyhaein/dag-go/dag.go:2078.2,2078.36 1 4
github.com/seoyhaein/dag-go/dag.go:2078.36,2080.59 2 8
github.com/seoyhaein/dag-go/dag.go:2080.59,2082.4 1 8
github.com/seoyhaein/dag-go/dag.go:2083.3,2083.56 1 8
github.com/seoyhaein/dag-go/dag.go:2083.56,2085.4 1 8
github.com/seoyhaein/dag-go/dag.go:2088.2,2088.15 1 4
github.com/seoyhaein/dag-go/dag.go:2092.57,2094.30 1 9
github.com/seoyhaein/dag-go/dag.go:2094.30,2096.3 1 0
github.com/seoyhaein/dag-go/dag.go:2099.2,2100.35 2 9
github.com/seoyhaein/dag-go/dag.go:2100.35,2107.3 2 180
github.com/seoyhaein/dag-go/dag.go:2110.2,2110.35 1 9
github.com/seoyhaein/dag-go/dag.go:2110.35,2117.35 4 180
github.com/seoyhaein/dag-go/dag.go:2117.35,2118.51 1 384
github.com/seoyhaein/dag-go/dag.go:2118.51,2120.5 1 384
github.com/seoyhaein/dag-go/dag.go:2123.3,2123.36 1 180
github.com/seoyhaein/dag-go/dag.go:2123.36,2124.49 1 384
github.com/seoyhaein/dag-go/dag.go:2124.49,2126.5 1 384
github.com/seoyhaein/dag-go/dag.go:2131.2,2132.35 2 9
github.com/seoyhaein/dag-go/dag.go:2132.35,2138.3 1 384
github.com/seoyhaein/dag-go/dag.go:2140.2,2140.27 1 9
github.com/seoyhaein/dag-go/dag.go:2143.63,2144.29 1 2215
github.com/seoyhaein/dag-go/dag.go:2144.29,2145.59 1 1999483
github.com/seoyhaein/dag-go/dag.go:2145.59,2147.4 1 4
github.com/seoyhaein/dag-go/dag.go:2149.2,2149.14 1 2211
github.com/seoyhaein/dag-go/node.go:67.45,71.2 3 14
github.com/seoyhaein/dag-go/node.go:74.39,78.2 3 40168
github.com/seoyhaein/dag-go/node.go:88.50,89.14 1 41020
github.com/seoyhaein/dag-go/node.go:90.25,91.60 1 20509
github.com/seoyhaein/dag-go/node.go:92.25,93.61 1 20308
github.com/seoyhaein/dag-go/node.go:94.10,96.15 1 203
github.com/seoyhaein/dag-go/node.go:107.59,108.34 1 41020
github.com/seoyhaein/dag-go/node.go:108.34,110.3 1 204
github.com/seoyhaein/dag-go/node.go:111.2,113.22 3 40816
github.com/seoyhaein/dag-go/node.go:113.22,115.3 1 399
github.com/seoyhaein/dag-go/node.go:116.2,117.13 2 40417
github.com/seoyhaein/dag-go/node.go:121.37,125.2 3 20452
github.com/seoyhaein/dag-go/node.go:128.33,132.2 3 60305
github.com/seoyhaein/dag-go/node.go:138.42,139.34 1 20202
github.com/seoyhaein/dag-go/node.go:139.34,140.45 1 40141
github.com/seoyhaein/dag-go/node.go:140.45,143.4 2 2
github.com/seoyhaein/dag-go/node.go:145.2,145.13 1 20200
github.com/seoyhaein/dag-go/node.go:149.32,150.64 1 20134
github.com/seoyhaein/dag-go/node.go:150.64,152.3 1 20073
github.com/seoyhaein/dag-go/node.go:162.36,164.2 1 21
github.com/seoyhaein/dag-go/node.go:166.36,168.2 1 4
github.com/seoyhaein/dag-go/node.go:173.135,174.22 1 40235
github.com/seoyhaein/dag-go/node.go:174.22,178.10 2 40235
github.com/seoyhaein/dag-go/node.go:179.36,180.57 1 40228
github.com/seoyhaein/dag-go/node.go:180.57,182.5 1 10
github.com/seoyhaein/dag-go/node.go:183.4,183.14 1 40218
github.com/seoyhaein/dag-go/node.go:184.23,185.22 1 7
github.com/seoyhaein/dag-go/node.go:200.59,201.14 1 20211
github.com/seoyhaein/dag-go/node.go:201.14,203.3 1 0
github.com/seoyhaein/dag-go/node.go:208.2,214.24 3 20211
github.com/seoyhaein/dag-go/node.go:214.24,216.3 1 20204
github.com/seoyhaein/dag-go/node.go:218.2,218.36 1 20211
github.com/seoyhaein/dag-go/node.go:218.36,219.16 1 40235
github.com/seoyhaein/dag-go/node.go:219.16,226.23 3 0
github.com/seoyhaein/dag-go/node.go:226.23,228.5 1 0
github.com/seoyhaein/dag-go/node.go:229.4,229.9 1 0
github.com/seoyhaein/dag-go/node.go:231.3,231.56 1 40235
github.com/seoyhaein/dag-go/node.go:234.2,235.16 2 20211
github.com/seoyhaein/dag-go/node.go:235.16,239.3 3 20198
github.com/seoyhaein/dag-go/node.go:241.2,241.16 1 13
github.com/seoyhaein/dag-go/node.go:241.16,244.25 3 13
github.com/seoyhaein/dag-go/node.go:244.25,246.4 1 10
github.com/seoyhaein/dag-go/node.go:249.2,251.46 3 13
github.com/seoyhaein/dag-go/node.go:256.58,257.14 1 20196
github.com/seoyhaein/dag-go/node.go:257.14,259.3 1 1
github.com/seoyhaein/dag-go/node.go:262.2,262.42 1 20195
github.com/seoyhaein/dag-go/node.go:262.42,266.3 3 113
github.com/seoyhaein/dag-go/node.go:271.2,271.19 1 20082
github.com/seoyhaein/dag-go/node.go:271.19,272.40 1 20081
github.com/seoyhaein/dag-go/node.go:272.40,276.26 4 8
github.com/seoyhaein/dag-go/node.go:276.26,278.5 1 8
github.com/seoyhaein/dag-go/node.go:280.8,282.3 1 1
github.com/seoyhaein/dag-go/node.go:284.2,284.19 1 20082
github.com/seoyhaein/dag-go/node.go:284.19,287.3 2 20073
github.com/seoyhaein/dag-go/node.go:288.2,289.45 2 9
github.com/seoyhaein/dag-go/node.go:295.60,296.14 1 20188
github.com/seoyhaein/dag-go/node.go:296.14,298.3 1 1
github.com/seoyhaein/dag-go/node.go:300.2,300.21 1 20187
github.com/seoyhaein/dag-go/node.go:300.21,303.3 2 53
github.com/seoyhaein/dag-go/node.go:305.2,306.19 2 20134
github.com/seoyhaein/dag-go/node.go:306.19,308.3 1 20134
github.com/seoyhaein/dag-go/node.go:308.8,310.3 1 0
github.com/seoyhaein/dag-go/node.go:314.2,314.38 1 20134
github.com/seoyhaein/dag-go/node.go:314.38,315.36 1 40131
github.com/seoyhaein/dag-go/node.go:315.36,317.4 1 1
github.com/seoyhaein/dag-go/node.go:320.2,323.41 3 20134
github.com/seoyhaein/dag-go/node.go:327.51,329.2 1 20081
github.com/seoyhaein/dag-go/node.go:332.46,336.2 3 34
github.com/seoyhaein/dag-go/node.go:339.40,343.2 3 1256
github.com/seoyhaein/dag-go/node.go:348.70,349.38 1 20
github.com/seoyhaein/dag-go/node.go:349.38,350.32 1 14
github.com/seoyhaein/dag-go/node.go:350.32,352.4 1 2
github.com/seoyhaein/dag-go/node.go:358.26,360.3 1 875
github.com/seoyhaein/dag-go/node.go:364.71,369.2 4 121181
github.com/seoyhaein/dag-go/node.go:372.42,376.2 3 121080
github.com/seoyhaein/dag-go/runner.go:25.40,27.2 1 2596
github.com/seoyhaein/dag-go/runner.go:30.38,32.14 2 20090
github.com/seoyhaein/dag-go/runner.go:32.14,34.3 1 5
github.com/seoyhaein/dag-go/runner.go:35.2,35.26 1 20085
github.com/seoyhaein/dag-go/runner.go:40.45,42.35 1 20084
github.com/seoyhaein/dag-go/runner.go:42.35,44.3 1 11
github.com/seoyhaein/dag-go/runner.go:47.2,49.32 3 20073
github.com/seoyhaein/dag-go/runner.go:49.32,54.3 4 20071
github.com/seoyhaein/dag-go/runner.go:55.2,55.15 1 20073
github.com/seoyhaein/dag-go/runner.go:55.15,56.27 1 2
github.com/seoyhaein/dag-go/runner.go:56.27,58.4 1 1
github.com/seoyhaein/dag-go/runner.go:60.2,60.13 1 20072
github.com/seoyhaein/dag-go/runner.go:65.43,69.35 3 2
github.com/seoyhaein/dag-go/runner.go:69.35,72.3 1 1
github.com/seoyhaein/dag-go/runner.go:73.2,74.13 2 1
github.com/seoyhaein/dag-go/runner.go:80.53,82.14 2 20083
github.com/seoyhaein/dag-go/runner.go:82.14,84.3 1 2
github.com/seoyhaein/dag-go/runner.go:85.2,85.26 1 20081
github.com/seoyhaein/dag-go/safechannel.go:26.59,31.2 1 60867
github.com/seoyhaein/dag-go/safechannel.go:39.46,43.15 3 351
github.com/seoyhaein/dag-go/safechannel.go:43.15,45.3 1 2
github.com/seoyhaein/dag-go/safechannel.go:47.2,47.9 1 349
github.com/seoyhaein/dag-go/safechannel.go:48.17,49.15 1 0
github.com/seoyhaein/dag-go/safechannel.go:50.10,50.10 0 349
github.com/seoyhaein/dag-go/safechannel.go:52.2,52.9 1 349
github.com/seoyhaein/dag-go/safechannel.go:53.22,54.14 1 157
github.com/seoyhaein/dag-go/safechannel.go:55.10,56.15 1 192
github.com/seoyhaein/dag-go/safechannel.go:75.75,79.15 3 161274
github.com/seoyhaein/dag-go/safechannel.go:79.15,81.3 1 21
github.com/seoyhaein/dag-go/safechannel.go:82.2,82.9 1 161253
github.com/seoyhaein/dag-go/safechannel.go:83.22,84.14 1 161233
github.com/seoyhaein/dag-go/safechannel.go:85.20,86.15 1 18
github.com/seoyhaein/dag-go/safechannel.go:87.17,88.15 1 2
github.com/seoyhaein/dag-go/safechannel.go:100.47,103.24 1 60519
github.com/seoyhaein/dag-go/safechannel.go:103.24,103.42 1 60511
github.com/seoyhaein/dag-go/safechannel.go:105.2,108.15 3 60519
github.com/seoyhaein/dag-go/safechannel.go:108.15,110.3 1 8
github.com/seoyhaein/dag-go/safechannel.go:113.2,113.15 1 60511
github.com/seoyhaein/dag-go/safechannel.go:113.15,114.31 1 60511
github.com/seoyhaein/dag-go/safechannel.go:114.31,116.4 1 0
github.com/seoyhaein/dag-go/safechannel.go:119.2,121.12 3 60511
github.com/seoyhaein/dag-go/safechannel.go:125.47,127.2 1 120954
