mode: atomic
github.com/HeaInSeo/dag-go/debugonly/debug_stub.go:6.19,6.20 0 0
github.com/HeaInSeo/dag-go/debugonly/debug_stub.go:9.21,9.37 1 0
github.com/HeaInSeo/dag-go/cli/main.go:22.71,25.36 2 0
github.com/HeaInSeo/dag-go/cli/main.go:25.36,27.3 1 0
github.com/HeaInSeo/dag-go/cli/main.go:28.2,31.9 2 0
github.com/HeaInSeo/dag-go/cli/main.go:32.29,33.13 1 0
github.com/HeaInSeo/dag-go/cli/main.go:34.20,35.19 1 0
github.com/HeaInSeo/dag-go/cli/main.go:39.13,41.2 1 0
github.com/HeaInSeo/dag-go/cli/main.go:44.20,46.16 2 0
github.com/HeaInSeo/dag-go/cli/main.go:46.16,47.48 1 0
github.com/HeaInSeo/dag-go/cli/main.go:55.2,62.29 3 0
github.com/HeaInSeo/dag-go/cli/main.go:62.29,64.3 1 0
github.com/HeaInSeo/dag-go/cli/main.go:66.2,73.29 2 0
github.com/HeaInSeo/dag-go/cli/main.go:73.29,74.69 1 0
github.com/HeaInSeo/dag-go/cli/main.go:74.69,75.82 1 0
github.com/HeaInSeo/dag-go/cli/main.go:79.2,79.40 1 0
github.com/HeaInSeo/dag-go/cli/main.go:79.40,80.50 1 0
github.com/HeaInSeo/dag-go/cli/main.go:83.2,86.24 3 0
github.com/HeaInSeo/dag-go/cli/main.go:86.24,87.27 1 0
github.com/HeaInSeo/dag-go/cli/main.go:89.2,89.18 1 0
github.com/HeaInSeo/dag-go/cli/main.go:89.18,90.24 1 0
github.com/HeaInSeo/dag-go/cli/main.go:93.2,93.20 1 0
github.com/HeaInSeo/dag-go/cli/main.go:93.20,94.32 1 0
github.com/HeaInSeo/dag-go/cli/main.go:96.2,97.72 2 0
github.com/HeaInSeo/dag-go/dag.go:275.35,284.2 1 111
github.com/HeaInSeo/dag-go/dag.go:288.20,290.2 1 90
github.com/HeaInSeo/dag-go/dag.go:296.50,297.30 1 126
github.com/HeaInSeo/dag-go/dag.go:297.30,299.3 1 2
github.com/HeaInSeo/dag-go/dag.go:300.2,300.30 1 126
github.com/HeaInSeo/dag-go/dag.go:300.30,302.3 1 2
github.com/HeaInSeo/dag-go/dag.go:303.2,303.26 1 126
github.com/HeaInSeo/dag-go/dag.go:303.26,305.3 1 2
github.com/HeaInSeo/dag-go/dag.go:306.2,306.28 1 126
github.com/HeaInSeo/dag-go/dag.go:306.28,308.3 1 2
github.com/HeaInSeo/dag-go/dag.go:309.2,309.32 1 126
github.com/HeaInSeo/dag-go/dag.go:309.32,311.3 1 3
github.com/HeaInSeo/dag-go/dag.go:313.2,313.12 1 126
github.com/HeaInSeo/dag-go/dag.go:321.46,332.2 3 110
github.com/HeaInSeo/dag-go/dag.go:338.51,341.33 2 14
github.com/HeaInSeo/dag-go/dag.go:341.33,343.3 1 15
github.com/HeaInSeo/dag-go/dag.go:345.2,347.12 2 14
github.com/HeaInSeo/dag-go/dag.go:353.30,355.16 2 68
github.com/HeaInSeo/dag-go/dag.go:355.16,357.3 1 0
github.com/HeaInSeo/dag-go/dag.go:358.2,358.23 1 68
github.com/HeaInSeo/dag-go/dag.go:374.45,377.49 3 38
github.com/HeaInSeo/dag-go/dag.go:377.49,380.3 2 2
github.com/HeaInSeo/dag-go/dag.go:381.2,381.22 1 36
github.com/HeaInSeo/dag-go/dag.go:401.54,404.49 3 4
github.com/HeaInSeo/dag-go/dag.go:404.49,407.3 2 2
github.com/HeaInSeo/dag-go/dag.go:408.2,408.25 1 2
github.com/HeaInSeo/dag-go/dag.go:429.59,435.12 5 21
github.com/HeaInSeo/dag-go/dag.go:435.12,438.3 2 3
github.com/HeaInSeo/dag-go/dag.go:439.2,439.14 1 18
github.com/HeaInSeo/dag-go/dag.go:439.14,441.3 1 1
github.com/HeaInSeo/dag-go/dag.go:443.2,446.18 3 17
github.com/HeaInSeo/dag-go/dag.go:447.25,451.14 2 16
github.com/HeaInSeo/dag-go/dag.go:453.83,455.15 2 1
github.com/HeaInSeo/dag-go/dag.go:457.10,459.15 2 0
github.com/HeaInSeo/dag-go/dag.go:469.96,473.49 3 5
github.com/HeaInSeo/dag-go/dag.go:473.49,475.21 2 2
github.com/HeaInSeo/dag-go/dag.go:475.21,477.4 1 2
github.com/HeaInSeo/dag-go/dag.go:478.3,478.25 1 2
github.com/HeaInSeo/dag-go/dag.go:481.2,481.23 1 3
github.com/HeaInSeo/dag-go/dag.go:481.23,483.39 1 6
github.com/HeaInSeo/dag-go/dag.go:483.39,485.12 2 1
github.com/HeaInSeo/dag-go/dag.go:488.3,489.15 2 5
github.com/HeaInSeo/dag-go/dag.go:489.15,491.12 2 1
github.com/HeaInSeo/dag-go/dag.go:494.3,495.19 2 4
github.com/HeaInSeo/dag-go/dag.go:496.26,499.13 2 3
github.com/HeaInSeo/dag-go/dag.go:501.84,503.33 1 1
github.com/HeaInSeo/dag-go/dag.go:505.11,507.33 1 0
github.com/HeaInSeo/dag-go/dag.go:509.3,509.16 1 4
github.com/HeaInSeo/dag-go/dag.go:511.2,511.34 1 3
github.com/HeaInSeo/dag-go/dag.go:517.61,519.16 2 10
github.com/HeaInSeo/dag-go/dag.go:519.16,521.3 1 0
github.com/HeaInSeo/dag-go/dag.go:522.2,522.23 1 10
github.com/HeaInSeo/dag-go/dag.go:528.51,529.24 1 2
github.com/HeaInSeo/dag-go/dag.go:529.24,532.3 2 2
github.com/HeaInSeo/dag-go/dag.go:551.52,552.24 1 7
github.com/HeaInSeo/dag-go/dag.go:552.24,554.3 1 7
github.com/HeaInSeo/dag-go/dag.go:559.75,560.24 1 1
github.com/HeaInSeo/dag-go/dag.go:560.24,564.3 3 1
github.com/HeaInSeo/dag-go/dag.go:569.41,570.24 1 3
github.com/HeaInSeo/dag-go/dag.go:570.24,572.3 1 3
github.com/HeaInSeo/dag-go/dag.go:579.47,580.24 1 1
github.com/HeaInSeo/dag-go/dag.go:580.24,582.3 1 1
github.com/HeaInSeo/dag-go/dag.go:590.49,596.18 2 1
github.com/HeaInSeo/dag-go/dag.go:596.18,598.13 2 4
github.com/HeaInSeo/dag-go/dag.go:598.13,600.37 2 4
github.com/HeaInSeo/dag-go/dag.go:600.37,602.12 1 4
github.com/HeaInSeo/dag-go/dag.go:603.28,603.28 0 0
github.com/HeaInSeo/dag-go/dag.go:604.13,605.41 1 4
github.com/HeaInSeo/dag-go/dag.go:611.2,611.13 1 1
github.com/HeaInSeo/dag-go/dag.go:615.47,617.2 1 4
github.com/HeaInSeo/dag-go/dag.go:621.33,622.24 1 1
github.com/HeaInSeo/dag-go/dag.go:622.24,622.46 1 1
github.com/HeaInSeo/dag-go/dag.go:623.2,623.13 1 1
github.com/HeaInSeo/dag-go/dag.go:634.42,639.34 3 83
github.com/HeaInSeo/dag-go/dag.go:639.34,643.3 3 1
github.com/HeaInSeo/dag-go/dag.go:646.2,646.26 1 83
github.com/HeaInSeo/dag-go/dag.go:646.26,648.3 1 1
github.com/HeaInSeo/dag-go/dag.go:649.2,650.17 2 82
github.com/HeaInSeo/dag-go/dag.go:650.17,652.3 1 0
github.com/HeaInSeo/dag-go/dag.go:653.2,658.17 4 82
github.com/HeaInSeo/dag-go/dag.go:667.40,668.27 1 254
github.com/HeaInSeo/dag-go/dag.go:668.27,674.3 2 192
github.com/HeaInSeo/dag-go/dag.go:683.60,687.23 3 5
github.com/HeaInSeo/dag-go/dag.go:687.23,689.3 1 0
github.com/HeaInSeo/dag-go/dag.go:690.2,693.6 3 5
github.com/HeaInSeo/dag-go/dag.go:693.6,694.10 1 10
github.com/HeaInSeo/dag-go/dag.go:695.24,696.11 1 6
github.com/HeaInSeo/dag-go/dag.go:696.11,699.5 1 1
github.com/HeaInSeo/dag-go/dag.go:700.4,700.28 1 5
github.com/HeaInSeo/dag-go/dag.go:701.18,702.15 1 1
github.com/HeaInSeo/dag-go/dag.go:703.21,704.15 1 3
github.com/HeaInSeo/dag-go/dag.go:710.83,711.67 1 2217
github.com/HeaInSeo/dag-go/dag.go:711.67,713.3 1 2
github.com/HeaInSeo/dag-go/dag.go:716.2,716.46 1 2215
github.com/HeaInSeo/dag-go/dag.go:716.46,718.3 1 4
github.com/HeaInSeo/dag-go/dag.go:720.2,727.21 3 2211
github.com/HeaInSeo/dag-go/dag.go:731.64,732.15 1 60479
github.com/HeaInSeo/dag-go/dag.go:732.15,734.3 1 0
github.com/HeaInSeo/dag-go/dag.go:735.2,735.35 1 60479
github.com/HeaInSeo/dag-go/dag.go:735.35,737.3 1 7
github.com/HeaInSeo/dag-go/dag.go:737.8,739.3 1 60472
github.com/HeaInSeo/dag-go/dag.go:743.33,744.33 1 62
github.com/HeaInSeo/dag-go/dag.go:744.33,746.3 1 40147
github.com/HeaInSeo/dag-go/dag.go:747.2,748.36 2 62
github.com/HeaInSeo/dag-go/dag.go:748.36,750.3 1 20208
github.com/HeaInSeo/dag-go/dag.go:751.2,751.40 1 62
github.com/HeaInSeo/dag-go/dag.go:756.85,757.30 1 2
github.com/HeaInSeo/dag-go/dag.go:757.30,758.53 1 2
github.com/HeaInSeo/dag-go/dag.go:758.53,760.4 1 1
github.com/HeaInSeo/dag-go/dag.go:762.2,762.12 1 1
github.com/HeaInSeo/dag-go/dag.go:772.36,774.20 2 26
github.com/HeaInSeo/dag-go/dag.go:774.20,776.3 1 1
github.com/HeaInSeo/dag-go/dag.go:777.2,778.53 2 25
github.com/HeaInSeo/dag-go/dag.go:785.39,787.2 1 26
github.com/HeaInSeo/dag-go/dag.go:792.32,794.2 1 4
github.com/HeaInSeo/dag-go/dag.go:798.33,804.2 5 3
github.com/HeaInSeo/dag-go/dag.go:808.38,811.26 3 2
github.com/HeaInSeo/dag-go/dag.go:811.26,813.3 1 1
github.com/HeaInSeo/dag-go/dag.go:814.2,814.25 1 1
github.com/HeaInSeo/dag-go/dag.go:819.36,822.24 3 2
github.com/HeaInSeo/dag-go/dag.go:822.24,824.3 1 1
github.com/HeaInSeo/dag-go/dag.go:825.2,825.23 1 1
github.com/HeaInSeo/dag-go/dag.go:831.45,835.19 3 24
github.com/HeaInSeo/dag-go/dag.go:835.19,837.3 1 0
github.com/HeaInSeo/dag-go/dag.go:838.2,838.38 1 24
github.com/HeaInSeo/dag-go/dag.go:838.38,841.3 2 2
github.com/HeaInSeo/dag-go/dag.go:842.2,842.27 1 22
github.com/HeaInSeo/dag-go/dag.go:848.89,852.19 3 5
github.com/HeaInSeo/dag-go/dag.go:852.19,854.3 1 0
github.com/HeaInSeo/dag-go/dag.go:855.2,855.38 1 5
github.com/HeaInSeo/dag-go/dag.go:855.38,858.3 2 2
github.com/HeaInSeo/dag-go/dag.go:859.2,859.14 1 3
github.com/HeaInSeo/dag-go/dag.go:859.14,861.3 1 2
github.com/HeaInSeo/dag-go/dag.go:862.2,862.27 1 1
github.com/HeaInSeo/dag-go/dag.go:866.45,868.40 1 1279
github.com/HeaInSeo/dag-go/dag.go:868.40,870.3 1 2
github.com/HeaInSeo/dag-go/dag.go:872.2,873.29 2 1277
github.com/HeaInSeo/dag-go/dag.go:873.29,875.3 1 34
github.com/HeaInSeo/dag-go/dag.go:875.8,877.3 1 1243
github.com/HeaInSeo/dag-go/dag.go:880.2,885.38 4 1277
github.com/HeaInSeo/dag-go/dag.go:885.38,887.3 1 1137
github.com/HeaInSeo/dag-go/dag.go:889.2,889.13 1 1277
github.com/HeaInSeo/dag-go/dag.go:892.74,894.40 1 2
github.com/HeaInSeo/dag-go/dag.go:894.40,896.3 1 1
github.com/HeaInSeo/dag-go/dag.go:898.2,899.29 2 1
github.com/HeaInSeo/dag-go/dag.go:899.29,902.3 1 0
github.com/HeaInSeo/dag-go/dag.go:902.8,904.3 1 1
github.com/HeaInSeo/dag-go/dag.go:907.2,914.38 5 1
github.com/HeaInSeo/dag-go/dag.go:914.38,916.3 1 1
github.com/HeaInSeo/dag-go/dag.go:918.2,918.13 1 1
github.com/HeaInSeo/dag-go/dag.go:924.46,925.16 1 1158
github.com/HeaInSeo/dag-go/dag.go:925.16,927.3 1 3
github.com/HeaInSeo/dag-go/dag.go:928.2,928.31 1 1155
github.com/HeaInSeo/dag-go/dag.go:928.31,930.3 1 4
github.com/HeaInSeo/dag-go/dag.go:931.2,931.29 1 1151
github.com/HeaInSeo/dag-go/dag.go:931.29,933.3 1 3
github.com/HeaInSeo/dag-go/dag.go:934.2,934.12 1 1148
github.com/HeaInSeo/dag-go/dag.go:939.48,940.51 1 1133
github.com/HeaInSeo/dag-go/dag.go:940.51,943.3 2 8
github.com/HeaInSeo/dag-go/dag.go:945.2,949.34 3 1125
github.com/HeaInSeo/dag-go/dag.go:949.34,953.3 3 7
github.com/HeaInSeo/dag-go/dag.go:957.2,957.27 1 1125
github.com/HeaInSeo/dag-go/dag.go:957.27,959.3 1 1
github.com/HeaInSeo/dag-go/dag.go:960.2,960.19 1 1124
github.com/HeaInSeo/dag-go/dag.go:960.19,962.3 1 0
github.com/HeaInSeo/dag-go/dag.go:970.2,970.21 1 1124
github.com/HeaInSeo/dag-go/dag.go:970.21,972.3 1 1
github.com/HeaInSeo/dag-go/dag.go:973.2,973.38 1 1123
github.com/HeaInSeo/dag-go/dag.go:973.38,975.3 1 3
github.com/HeaInSeo/dag-go/dag.go:978.2,978.52 1 1120
github.com/HeaInSeo/dag-go/dag.go:978.52,979.41 1 2240
github.com/HeaInSeo/dag-go/dag.go:979.41,981.4 1 1128
github.com/HeaInSeo/dag-go/dag.go:982.3,983.18 2 1112
github.com/HeaInSeo/dag-go/dag.go:983.18,985.4 1 0
github.com/HeaInSeo/dag-go/dag.go:986.3,986.19 1 1112
github.com/HeaInSeo/dag-go/dag.go:989.2,990.16 2 1120
github.com/HeaInSeo/dag-go/dag.go:990.16,992.3 1 0
github.com/HeaInSeo/dag-go/dag.go:993.2,994.16 2 1120
github.com/HeaInSeo/dag-go/dag.go:994.16,996.3 1 0
github.com/HeaInSeo/dag-go/dag.go:999.2,1000.38 2 1120
github.com/HeaInSeo/dag-go/dag.go:1000.38,1002.3 1 2
github.com/HeaInSeo/dag-go/dag.go:1003.2,1003.17 1 1118
github.com/HeaInSeo/dag-go/dag.go:1003.17,1005.3 1 0
github.com/HeaInSeo/dag-go/dag.go:1008.2,1013.12 5 1118
github.com/HeaInSeo/dag-go/dag.go:1017.60,1018.51 1 25
github.com/HeaInSeo/dag-go/dag.go:1018.51,1021.3 2 2
github.com/HeaInSeo/dag-go/dag.go:1023.2,1027.34 3 23
github.com/HeaInSeo/dag-go/dag.go:1027.34,1031.3 3 5
github.com/HeaInSeo/dag-go/dag.go:1035.2,1035.27 1 23
github.com/HeaInSeo/dag-go/dag.go:1035.27,1037.3 1 1
github.com/HeaInSeo/dag-go/dag.go:1038.2,1038.19 1 22
github.com/HeaInSeo/dag-go/dag.go:1038.19,1040.3 1 0
github.com/HeaInSeo/dag-go/dag.go:1043.2,1043.21 1 22
github.com/HeaInSeo/dag-go/dag.go:1043.21,1045.3 1 1
github.com/HeaInSeo/dag-go/dag.go:1046.2,1046.38 1 21
github.com/HeaInSeo/dag-go/dag.go:1046.38,1048.3 1 2
github.com/HeaInSeo/dag-go/dag.go:1051.2,1051.44 1 19
github.com/HeaInSeo/dag-go/dag.go:1051.44,1052.41 1 38
github.com/HeaInSeo/dag-go/dag.go:1052.41,1054.4 1 37
github.com/HeaInSeo/dag-go/dag.go:1055.3,1055.64 1 1
github.com/HeaInSeo/dag-go/dag.go:1058.2,1059.16 2 19
github.com/HeaInSeo/dag-go/dag.go:1059.16,1061.3 1 0
github.com/HeaInSeo/dag-go/dag.go:1062.2,1063.16 2 19
github.com/HeaInSeo/dag-go/dag.go:1063.16,1065.3 1 1
github.com/HeaInSeo/dag-go/dag.go:1068.2,1069.38 2 18
github.com/HeaInSeo/dag-go/dag.go:1069.38,1071.3 1 0
github.com/HeaInSeo/dag-go/dag.go:1072.2,1072.17 1 18
github.com/HeaInSeo/dag-go/dag.go:1072.17,1074.3 1 0
github.com/HeaInSeo/dag-go/dag.go:1077.2,1082.12 5 18
github.com/HeaInSeo/dag-go/dag.go:1086.58,1088.34 1 1077
github.com/HeaInSeo/dag-go/dag.go:1088.34,1092.3 3 3
github.com/HeaInSeo/dag-go/dag.go:1095.2,1095.21 1 1077
github.com/HeaInSeo/dag-go/dag.go:1095.21,1097.3 1 1
github.com/HeaInSeo/dag-go/dag.go:1098.2,1098.19 1 1076
github.com/HeaInSeo/dag-go/dag.go:1098.19,1100.3 1 1
github.com/HeaInSeo/dag-go/dag.go:1103.2,1104.38 2 1075
github.com/HeaInSeo/dag-go/dag.go:1104.38,1106.3 1 1
github.com/HeaInSeo/dag-go/dag.go:1107.2,1107.17 1 1074
github.com/HeaInSeo/dag-go/dag.go:1107.17,1109.3 1 0
github.com/HeaInSeo/dag-go/dag.go:1112.2,1119.12 5 1074
github.com/HeaInSeo/dag-go/dag.go:1125.46,1126.26 1 63
github.com/HeaInSeo/dag-go/dag.go:1126.26,1127.47 1 1188
github.com/HeaInSeo/dag-go/dag.go:1127.47,1128.12 1 1187
github.com/HeaInSeo/dag-go/dag.go:1130.3,1130.43 1 1
github.com/HeaInSeo/dag-go/dag.go:1130.43,1131.12 1 0
github.com/HeaInSeo/dag-go/dag.go:1133.3,1133.22 1 1
github.com/HeaInSeo/dag-go/dag.go:1133.22,1135.4 1 0
github.com/HeaInSeo/dag-go/dag.go:1136.3,1136.69 1 1
github.com/HeaInSeo/dag-go/dag.go:1138.2,1138.12 1 62
github.com/HeaInSeo/dag-go/dag.go:1143.52,1145.26 2 62
github.com/HeaInSeo/dag-go/dag.go:1145.26,1146.24 1 1183
github.com/HeaInSeo/dag-go/dag.go:1146.24,1147.12 1 61
github.com/HeaInSeo/dag-go/dag.go:1149.3,1149.23 1 1122
github.com/HeaInSeo/dag-go/dag.go:1149.23,1151.4 1 1
github.com/HeaInSeo/dag-go/dag.go:1153.2,1153.12 1 61
github.com/HeaInSeo/dag-go/dag.go:1158.55,1159.26 1 64
github.com/HeaInSeo/dag-go/dag.go:1159.26,1161.3 1 1
github.com/HeaInSeo/dag-go/dag.go:1162.2,1162.50 1 63
github.com/HeaInSeo/dag-go/dag.go:1162.50,1164.3 1 1
github.com/HeaInSeo/dag-go/dag.go:1165.2,1165.51 1 62
github.com/HeaInSeo/dag-go/dag.go:1165.51,1167.3 1 1
github.com/HeaInSeo/dag-go/dag.go:1169.2,1169.22 1 61
github.com/HeaInSeo/dag-go/dag.go:1169.22,1171.3 1 3
github.com/HeaInSeo/dag-go/dag.go:1172.2,1172.12 1 58
github.com/HeaInSeo/dag-go/dag.go:1176.35,1181.34 3 67
github.com/HeaInSeo/dag-go/dag.go:1181.34,1185.3 3 9
github.com/HeaInSeo/dag-go/dag.go:1189.2,1189.27 1 67
github.com/HeaInSeo/dag-go/dag.go:1189.27,1191.3 1 1
github.com/HeaInSeo/dag-go/dag.go:1192.2,1192.19 1 66
github.com/HeaInSeo/dag-go/dag.go:1192.19,1194.3 1 1
github.com/HeaInSeo/dag-go/dag.go:1195.2,1195.25 1 65
github.com/HeaInSeo/dag-go/dag.go:1195.25,1197.3 1 1
github.com/HeaInSeo/dag-go/dag.go:1200.2,1201.30 2 64
github.com/HeaInSeo/dag-go/dag.go:1201.30,1203.3 1 1189
github.com/HeaInSeo/dag-go/dag.go:1209.2,1209.52 1 64
github.com/HeaInSeo/dag-go/dag.go:1209.52,1211.3 1 6
github.com/HeaInSeo/dag-go/dag.go:1216.2,1217.24 2 58
github.com/HeaInSeo/dag-go/dag.go:1217.24,1219.3 1 0
github.com/HeaInSeo/dag-go/dag.go:1223.2,1226.26 2 58
github.com/HeaInSeo/dag-go/dag.go:1226.26,1227.46 1 1171
github.com/HeaInSeo/dag-go/dag.go:1227.46,1228.57 1 1073
github.com/HeaInSeo/dag-go/dag.go:1228.57,1230.5 1 0
github.com/HeaInSeo/dag-go/dag.go:1234.2,1235.12 2 58
github.com/HeaInSeo/dag-go/dag.go:1240.25,1247.30 3 23
github.com/HeaInSeo/dag-go/dag.go:1247.30,1255.3 7 19053
github.com/HeaInSeo/dag-go/dag.go:1259.2,1259.26 1 23
github.com/HeaInSeo/dag-go/dag.go:1259.26,1265.3 3 23
github.com/HeaInSeo/dag-go/dag.go:1270.2,1270.33 1 23
github.com/HeaInSeo/dag-go/dag.go:1270.33,1272.56 2 38012
github.com/HeaInSeo/dag-go/dag.go:1272.56,1276.4 3 38012
github.com/HeaInSeo/dag-go/dag.go:1277.3,1277.53 1 38012
github.com/HeaInSeo/dag-go/dag.go:1277.53,1281.4 3 38012
github.com/HeaInSeo/dag-go/dag.go:1286.2,1300.24 7 23
github.com/HeaInSeo/dag-go/dag.go:1321.25,1324.24 3 23
github.com/HeaInSeo/dag-go/dag.go:1324.24,1327.3 2 1
github.com/HeaInSeo/dag-go/dag.go:1328.2,1328.13 1 22
github.com/HeaInSeo/dag-go/dag.go:1333.32,1336.24 3 2
github.com/HeaInSeo/dag-go/dag.go:1336.24,1338.3 1 1
github.com/HeaInSeo/dag-go/dag.go:1339.2,1340.12 2 1
github.com/HeaInSeo/dag-go/dag.go:1348.40,1352.49 3 67
github.com/HeaInSeo/dag-go/dag.go:1352.49,1354.3 1 1
github.com/HeaInSeo/dag-go/dag.go:1355.2,1355.24 1 66
github.com/HeaInSeo/dag-go/dag.go:1355.24,1357.3 1 1
github.com/HeaInSeo/dag-go/dag.go:1358.2,1358.30 1 65
github.com/HeaInSeo/dag-go/dag.go:1358.30,1360.3 1 20219
github.com/HeaInSeo/dag-go/dag.go:1361.2,1361.12 1 65
github.com/HeaInSeo/dag-go/dag.go:1366.38,1367.45 1 65
github.com/HeaInSeo/dag-go/dag.go:1367.45,1370.3 2 1
github.com/HeaInSeo/dag-go/dag.go:1371.2,1371.13 1 64
github.com/HeaInSeo/dag-go/dag.go:1386.54,1387.16 1 65
github.com/HeaInSeo/dag-go/dag.go:1387.16,1389.3 1 0
github.com/HeaInSeo/dag-go/dag.go:1391.2,1395.11 4 65
github.com/HeaInSeo/dag-go/dag.go:1395.11,1397.3 1 1
github.com/HeaInSeo/dag-go/dag.go:1398.2,1398.20 1 64
github.com/HeaInSeo/dag-go/dag.go:1398.20,1400.3 1 1
github.com/HeaInSeo/dag-go/dag.go:1401.2,1401.48 1 63
github.com/HeaInSeo/dag-go/dag.go:1401.48,1403.3 1 0
github.com/HeaInSeo/dag-go/dag.go:1405.2,1405.27 1 63
github.com/HeaInSeo/dag-go/dag.go:1405.27,1407.3 1 1
github.com/HeaInSeo/dag-go/dag.go:1410.2,1410.30 1 62
github.com/HeaInSeo/dag-go/dag.go:1410.30,1411.22 1 20209
github.com/HeaInSeo/dag-go/dag.go:1411.22,1413.4 1 1
github.com/HeaInSeo/dag-go/dag.go:1421.2,1421.42 1 61
github.com/HeaInSeo/dag-go/dag.go:1421.42,1424.3 1 1
github.com/HeaInSeo/dag-go/dag.go:1425.2,1433.30 5 60
github.com/HeaInSeo/dag-go/dag.go:1433.30,1437.54 4 20205
github.com/HeaInSeo/dag-go/dag.go:1437.54,1440.4 2 20205
github.com/HeaInSeo/dag-go/dag.go:1443.2,1444.12 2 60
github.com/HeaInSeo/dag-go/dag.go:1448.52,1449.43 1 63
github.com/HeaInSeo/dag-go/dag.go:1449.43,1452.3 2 4
github.com/HeaInSeo/dag-go/dag.go:1453.2,1453.13 1 59
github.com/HeaInSeo/dag-go/dag.go:1468.32,1477.41 5 64
github.com/HeaInSeo/dag-go/dag.go:1477.41,1479.3 1 2
github.com/HeaInSeo/dag-go/dag.go:1481.2,1481.46 1 62
github.com/HeaInSeo/dag-go/dag.go:1481.46,1483.3 1 2
github.com/HeaInSeo/dag-go/dag.go:1484.2,1484.26 1 60
github.com/HeaInSeo/dag-go/dag.go:1484.26,1488.3 3 1
github.com/HeaInSeo/dag-go/dag.go:1489.2,1490.12 2 59
github.com/HeaInSeo/dag-go/dag.go:1494.30,1495.37 1 59
github.com/HeaInSeo/dag-go/dag.go:1495.37,1498.3 2 2
github.com/HeaInSeo/dag-go/dag.go:1499.2,1499.13 1 57
github.com/HeaInSeo/dag-go/dag.go:1517.48,1518.16 1 61
github.com/HeaInSeo/dag-go/dag.go:1518.16,1520.3 1 0
github.com/HeaInSeo/dag-go/dag.go:1522.2,1522.27 1 61
github.com/HeaInSeo/dag-go/dag.go:1522.27,1524.3 1 1
github.com/HeaInSeo/dag-go/dag.go:1536.2,1536.15 1 60
github.com/HeaInSeo/dag-go/dag.go:1536.15,1540.3 3 60
github.com/HeaInSeo/dag-go/dag.go:1543.2,1545.18 3 60
github.com/HeaInSeo/dag-go/dag.go:1545.18,1547.3 1 0
github.com/HeaInSeo/dag-go/dag.go:1547.8,1549.3 1 60
github.com/HeaInSeo/dag-go/dag.go:1550.2,1556.12 3 60
github.com/HeaInSeo/dag-go/dag.go:1556.12,1558.3 1 60
github.com/HeaInSeo/dag-go/dag.go:1560.2,1560.6 1 60
github.com/HeaInSeo/dag-go/dag.go:1560.6,1561.10 1 60494
github.com/HeaInSeo/dag-go/dag.go:1562.28,1565.11 1 0
github.com/HeaInSeo/dag-go/dag.go:1565.11,1567.5 1 0
github.com/HeaInSeo/dag-go/dag.go:1569.48,1570.11 1 60492
github.com/HeaInSeo/dag-go/dag.go:1570.11,1573.5 1 0
github.com/HeaInSeo/dag-go/dag.go:1575.4,1575.27 1 60492
github.com/HeaInSeo/dag-go/dag.go:1575.27,1582.34 3 164
github.com/HeaInSeo/dag-go/dag.go:1582.34,1584.6 1 5
github.com/HeaInSeo/dag-go/dag.go:1585.5,1585.29 1 159
github.com/HeaInSeo/dag-go/dag.go:1585.29,1587.6 1 53
github.com/HeaInSeo/dag-go/dag.go:1588.10,1590.5 1 60328
github.com/HeaInSeo/dag-go/dag.go:1591.25,1593.16 2 2
github.com/HeaInSeo/dag-go/dag.go:1601.50,1602.20 1 3
github.com/HeaInSeo/dag-go/dag.go:1602.20,1603.23 1 2
github.com/HeaInSeo/dag-go/dag.go:1603.23,1605.4 1 1
github.com/HeaInSeo/dag-go/dag.go:1606.3,1606.88 1 1
github.com/HeaInSeo/dag-go/dag.go:1608.2,1608.12 1 1
github.com/HeaInSeo/dag-go/dag.go:1621.18,1626.3 1 17
github.com/HeaInSeo/dag-go/dag.go:1632.51,1635.22 3 62
github.com/HeaInSeo/dag-go/dag.go:1635.22,1636.32 1 1193
github.com/HeaInSeo/dag-go/dag.go:1636.32,1638.4 1 10
github.com/HeaInSeo/dag-go/dag.go:1639.3,1640.36 2 1183
github.com/HeaInSeo/dag-go/dag.go:1640.36,1642.4 1 1131
github.com/HeaInSeo/dag-go/dag.go:1644.2,1645.16 2 62
github.com/HeaInSeo/dag-go/dag.go:1649.73,1650.23 1 1738
github.com/HeaInSeo/dag-go/dag.go:1650.23,1652.3 1 4
github.com/HeaInSeo/dag-go/dag.go:1653.2,1653.22 1 1734
github.com/HeaInSeo/dag-go/dag.go:1653.22,1655.3 1 535
github.com/HeaInSeo/dag-go/dag.go:1656.2,1659.38 3 1199
github.com/HeaInSeo/dag-go/dag.go:1659.38,1660.47 1 1150
github.com/HeaInSeo/dag-go/dag.go:1660.47,1662.4 1 11
github.com/HeaInSeo/dag-go/dag.go:1665.2,1666.14 2 1188
github.com/HeaInSeo/dag-go/dag.go:1673.33,1683.33 5 64
github.com/HeaInSeo/dag-go/dag.go:1683.33,1684.30 1 1192
github.com/HeaInSeo/dag-go/dag.go:1684.30,1685.59 1 588
github.com/HeaInSeo/dag-go/dag.go:1685.59,1687.5 1 4
github.com/HeaInSeo/dag-go/dag.go:1690.2,1690.14 1 60
github.com/HeaInSeo/dag-go/dag.go:1698.33,1702.2 3 3
github.com/HeaInSeo/dag-go/dag.go:1707.29,1708.74 1 20219
github.com/HeaInSeo/dag-go/dag.go:1708.74,1713.39 1 20205
github.com/HeaInSeo/dag-go/dag.go:1713.39,1715.41 2 60585
github.com/HeaInSeo/dag-go/dag.go:1715.41,1717.5 1 3
github.com/HeaInSeo/dag-go/dag.go:1723.3,1724.25 2 20205
github.com/HeaInSeo/dag-go/dag.go:1724.25,1726.4 1 20205
github.com/HeaInSeo/dag-go/dag.go:1727.3,1727.63 1 20205
github.com/HeaInSeo/dag-go/dag.go:1727.63,1733.4 5 3
github.com/HeaInSeo/dag-go/dag.go:1737.3,1737.74 1 20202
github.com/HeaInSeo/dag-go/dag.go:1737.74,1739.4 1 0
github.com/HeaInSeo/dag-go/dag.go:1744.3,1746.36 3 20202
github.com/HeaInSeo/dag-go/dag.go:1746.36,1747.74 1 8
github.com/HeaInSeo/dag-go/dag.go:1747.74,1749.5 1 0
github.com/HeaInSeo/dag-go/dag.go:1750.4,1752.10 3 8
github.com/HeaInSeo/dag-go/dag.go:1754.3,1761.56 2 20194
github.com/HeaInSeo/dag-go/dag.go:1761.56,1762.11 1 20194
github.com/HeaInSeo/dag-go/dag.go:1763.34,1764.18 1 20194
github.com/HeaInSeo/dag-go/dag.go:1764.18,1764.34 1 20194
github.com/HeaInSeo/dag-go/dag.go:1765.22,1768.75 3 0
github.com/HeaInSeo/dag-go/dag.go:1768.75,1770.6 1 0
github.com/HeaInSeo/dag-go/dag.go:1771.5,1773.11 3 0
github.com/HeaInSeo/dag-go/dag.go:1787.3,1793.10 6 20194
github.com/HeaInSeo/dag-go/dag.go:1794.24,1795.63 1 3
github.com/HeaInSeo/dag-go/dag.go:1796.68,1797.85 1 20060
github.com/HeaInSeo/dag-go/dag.go:1798.11,1799.49 1 131
github.com/HeaInSeo/dag-go/dag.go:1801.3,1806.35 4 20194
github.com/HeaInSeo/dag-go/dag.go:1806.35,1807.74 1 8
github.com/HeaInSeo/dag-go/dag.go:1807.74,1809.5 1 0
github.com/HeaInSeo/dag-go/dag.go:1810.4,1812.10 3 8
github.com/HeaInSeo/dag-go/dag.go:1814.3,1819.37 4 20186
github.com/HeaInSeo/dag-go/dag.go:1819.37,1820.74 1 0
github.com/HeaInSeo/dag-go/dag.go:1820.74,1822.5 1 0
github.com/HeaInSeo/dag-go/dag.go:1823.9,1824.77 1 20186
github.com/HeaInSeo/dag-go/dag.go:1824.77,1826.5 1 0
github.com/HeaInSeo/dag-go/dag.go:1828.3,1828.25 1 20186
github.com/HeaInSeo/dag-go/dag.go:1833.49,1835.29 1 61
github.com/HeaInSeo/dag-go/dag.go:1835.29,1837.3 1 1
github.com/HeaInSeo/dag-go/dag.go:1839.2,1839.52 1 60
github.com/HeaInSeo/dag-go/dag.go:1847.112,1850.30 2 60
github.com/HeaInSeo/dag-go/dag.go:1850.30,1851.22 1 20205
github.com/HeaInSeo/dag-go/dag.go:1851.22,1852.37 1 20205
github.com/HeaInSeo/dag-go/dag.go:1852.37,1853.41 1 60529
github.com/HeaInSeo/dag-go/dag.go:1853.41,1855.6 1 30
github.com/HeaInSeo/dag-go/dag.go:1857.4,1857.14 1 20175
github.com/HeaInSeo/dag-go/dag.go:1861.2,1861.25 1 60
github.com/HeaInSeo/dag-go/dag.go:1865.27,1866.11 1 3
github.com/HeaInSeo/dag-go/dag.go:1866.11,1868.3 1 1
github.com/HeaInSeo/dag-go/dag.go:1869.2,1869.10 1 2
github.com/HeaInSeo/dag-go/dag.go:1901.36,1907.28 4 3
github.com/HeaInSeo/dag-go/dag.go:1907.28,1909.3 1 10
github.com/HeaInSeo/dag-go/dag.go:1910.2,1918.33 5 3
github.com/HeaInSeo/dag-go/dag.go:1918.33,1921.3 2 7
github.com/HeaInSeo/dag-go/dag.go:1924.2,1924.33 1 3
github.com/HeaInSeo/dag-go/dag.go:1924.33,1926.3 1 7
github.com/HeaInSeo/dag-go/dag.go:1928.2,1928.20 1 3
github.com/HeaInSeo/dag-go/dag.go:1935.120,1936.21 1 14
github.com/HeaInSeo/dag-go/dag.go:1936.21,1938.3 1 4
github.com/HeaInSeo/dag-go/dag.go:1939.2,1941.16 3 10
github.com/HeaInSeo/dag-go/dag.go:1942.26,1943.73 1 6
github.com/HeaInSeo/dag-go/dag.go:1944.10,1945.88 1 4
github.com/HeaInSeo/dag-go/dag.go:1953.54,1954.14 1 4
github.com/HeaInSeo/dag-go/dag.go:1954.14,1955.36 1 4
github.com/HeaInSeo/dag-go/dag.go:1955.36,1957.4 1 1
github.com/HeaInSeo/dag-go/dag.go:1959.2,1959.35 1 3
github.com/HeaInSeo/dag-go/dag.go:1965.56,1970.25 3 3
github.com/HeaInSeo/dag-go/dag.go:1970.25,1974.3 3 10
github.com/HeaInSeo/dag-go/dag.go:1978.2,1980.25 3 3
github.com/HeaInSeo/dag-go/dag.go:1980.25,1982.23 2 10
github.com/HeaInSeo/dag-go/dag.go:1982.23,1985.4 2 0
github.com/HeaInSeo/dag-go/dag.go:1985.9,1987.4 1 10
github.com/HeaInSeo/dag-go/dag.go:1989.2,1989.15 1 3
github.com/HeaInSeo/dag-go/dag.go:1995.40,1998.23 3 10
github.com/HeaInSeo/dag-go/dag.go:1998.23,1999.93 1 71
github.com/HeaInSeo/dag-go/dag.go:1999.93,2001.4 1 69
github.com/HeaInSeo/dag-go/dag.go:2001.9,2003.4 1 2
github.com/HeaInSeo/dag-go/dag.go:2005.2,2005.19 1 10
github.com/HeaInSeo/dag-go/dag.go:2013.42,2018.2 4 10
github.com/HeaInSeo/dag-go/dag.go:2037.48,2038.21 1 6
github.com/HeaInSeo/dag-go/dag.go:2038.21,2040.3 1 1
github.com/HeaInSeo/dag-go/dag.go:2041.2,2041.32 1 5
github.com/HeaInSeo/dag-go/dag.go:2041.32,2043.3 1 1
github.com/HeaInSeo/dag-go/dag.go:2045.2,2062.32 5 4
github.com/HeaInSeo/dag-go/dag.go:2062.32,2064.18 2 12
github.com/HeaInSeo/dag-go/dag.go:2065.18,2066.27 1 3
github.com/HeaInSeo/dag-go/dag.go:2067.16,2068.25 1 3
github.com/HeaInSeo/dag-go/dag.go:2073.2,2079.29 2 4
github.com/HeaInSeo/dag-go/dag.go:2079.29,2083.3 1 3
github.com/HeaInSeo/dag-go/dag.go:2084.2,2084.36 1 4
github.com/HeaInSeo/dag-go/dag.go:2084.36,2086.59 2 8
github.com/HeaInSeo/dag-go/dag.go:2086.59,2088.4 1 8
github.com/HeaInSeo/dag-go/dag.go:2089.3,2089.56 1 8
github.com/HeaInSeo/dag-go/dag.go:2089.56,2091.4 1 8
github.com/HeaInSeo/dag-go/dag.go:2094.2,2094.15 1 4
github.com/HeaInSeo/dag-go/dag.go:2098.57,2100.30 1 9
github.com/HeaInSeo/dag-go/dag.go:2100.30,2102.3 1 0
github.com/HeaInSeo/dag-go/dag.go:2105.2,2106.35 2 9
github.com/HeaInSeo/dag-go/dag.go:2106.35,2113.3 2 180
github.com/HeaInSeo/dag-go/dag.go:2116.2,2116.35 1 9
github.com/HeaInSeo/dag-go/dag.go:2116.35,2123.35 4 180
github.com/HeaInSeo/dag-go/dag.go:2123.35,2124.51 1 391
github.com/HeaInSeo/dag-go/dag.go:2124.51,2126.5 1 391
github.com/HeaInSeo/dag-go/dag.go:2129.3,2129.36 1 180
github.com/HeaInSeo/dag-go/dag.go:2129.36,2130.49 1 391
github.com/HeaInSeo/dag-go/dag.go:2130.49,2132.5 1 391
github.com/HeaInSeo/dag-go/dag.go:2137.2,2138.35 2 9
github.com/HeaInSeo/dag-go/dag.go:2138.35,2144.3 1 391
github.com/HeaInSeo/dag-go/dag.go:2146.2,2146.27 1 9
github.com/HeaInSeo/dag-go/dag.go:2149.63,2150.29 1 2215
github.com/HeaInSeo/dag-go/dag.go:2150.29,2151.59 1 1999483
github.com/HeaInSeo/dag-go/dag.go:2151.59,2153.4 1 4
github.com/HeaInSeo/dag-go/dag.go:2155.2,2155.14 1 2211
github.com/HeaInSeo/dag-go/node.go:65.45,69.2 3 14
github.com/HeaInSeo/dag-go/node.go:72.39,76.2 3 40168
github.com/HeaInSeo/dag-go/node.go:86.50,87.14 1 41018
github.com/HeaInSeo/dag-go/node.go:88.25,89.60 1 20509
github.com/HeaInSeo/dag-go/node.go:90.25,91.61 1 20306
github.com/HeaInSeo/dag-go/node.go:92.10,94.15 1 203
github.com/HeaInSeo/dag-go/node.go:105.59,106.34 1 41018
github.com/HeaInSeo/dag-go/node.go:106.34,108.3 1 204
github.com/HeaInSeo/dag-go/node.go:109.2,111.22 3 40814
github.com/HeaInSeo/dag-go/node.go:111.22,113.3 1 399
github.com/HeaInSeo/dag-go/node.go:114.2,115.13 2 40415
github.com/HeaInSeo/dag-go/node.go:119.37,123.2 3 20450
github.com/HeaInSeo/dag-go/node.go:126.33,130.2 3 60305
github.com/HeaInSeo/dag-go/node.go:136.42,137.34 1 20202
github.com/HeaInSeo/dag-go/node.go:137.34,138.45 1 40141
github.com/HeaInSeo/dag-go/node.go:138.45,141.4 2 4
github.com/HeaInSeo/dag-go/node.go:143.2,143.13 1 20198
github.com/HeaInSeo/dag-go/node.go:147.32,148.64 1 20134
github.com/HeaInSeo/dag-go/node.go:148.64,150.3 1 20073
github.com/HeaInSeo/dag-go/node.go:160.36,162.2 1 19
github.com/HeaInSeo/dag-go/node.go:164.36,166.2 1 4
github.com/HeaInSeo/dag-go/node.go:171.154,172.22 1 40233
github.com/HeaInSeo/dag-go/node.go:172.22,174.10 2 40233
github.com/HeaInSeo/dag-go/node.go:175.36,176.57 1 40227
github.com/HeaInSeo/dag-go/node.go:176.57,178.5 1 8
github.com/HeaInSeo/dag-go/node.go:179.4,179.14 1 40219
github.com/HeaInSeo/dag-go/node.go:180.23,181.22 1 6
github.com/HeaInSeo/dag-go/node.go:196.59,197.14 1 20209
github.com/HeaInSeo/dag-go/node.go:197.14,199.3 1 0
github.com/HeaInSeo/dag-go/node.go:204.2,211.24 4 20209
github.com/HeaInSeo/dag-go/node.go:211.24,214.3 2 20202
github.com/HeaInSeo/dag-go/node.go:216.2,216.36 1 20209
github.com/HeaInSeo/dag-go/node.go:216.36,217.16 1 40233
github.com/HeaInSeo/dag-go/node.go:217.16,224.23 3 0
github.com/HeaInSeo/dag-go/node.go:224.23,226.5 1 0
github.com/HeaInSeo/dag-go/node.go:227.4,227.9 1 0
github.com/HeaInSeo/dag-go/node.go:229.3,229.70 1 40233
github.com/HeaInSeo/dag-go/node.go:232.2,233.16 2 20209
github.com/HeaInSeo/dag-go/node.go:233.16,237.3 3 20198
github.com/HeaInSeo/dag-go/node.go:239.2,239.16 1 11
github.com/HeaInSeo/dag-go/node.go:239.16,242.25 3 11
github.com/HeaInSeo/dag-go/node.go:242.25,244.4 1 8
github.com/HeaInSeo/dag-go/node.go:247.2,249.46 3 11
github.com/HeaInSeo/dag-go/node.go:254.58,255.14 1 20196
github.com/HeaInSeo/dag-go/node.go:255.14,257.3 1 1
github.com/HeaInSeo/dag-go/node.go:260.2,260.42 1 20195
github.com/HeaInSeo/dag-go/node.go:260.42,264.3 3 113
github.com/HeaInSeo/dag-go/node.go:269.2,269.19 1 20082
github.com/HeaInSeo/dag-go/node.go:269.19,270.40 1 20081
github.com/HeaInSeo/dag-go/node.go:270.40,274.26 4 8
github.com/HeaInSeo/dag-go/node.go:274.26,276.5 1 8
github.com/HeaInSeo/dag-go/node.go:278.8,280.3 1 1
github.com/HeaInSeo/dag-go/node.go:282.2,282.19 1 20082
github.com/HeaInSeo/dag-go/node.go:282.19,285.3 2 20073
github.com/HeaInSeo/dag-go/node.go:286.2,287.45 2 9
github.com/HeaInSeo/dag-go/node.go:293.60,294.14 1 20188
github.com/HeaInSeo/dag-go/node.go:294.14,296.3 1 1
github.com/HeaInSeo/dag-go/node.go:298.2,298.21 1 20187
github.com/HeaInSeo/dag-go/node.go:298.21,301.3 2 53
github.com/HeaInSeo/dag-go/node.go:303.2,304.19 2 20134
github.com/HeaInSeo/dag-go/node.go:304.19,306.3 1 20134
github.com/HeaInSeo/dag-go/node.go:306.8,308.3 1 0
github.com/HeaInSeo/dag-go/node.go:312.2,312.38 1 20134
github.com/HeaInSeo/dag-go/node.go:312.38,313.36 1 40131
github.com/HeaInSeo/dag-go/node.go:313.36,315.4 1 1
github.com/HeaInSeo/dag-go/node.go:318.2,321.41 3 20134
github.com/HeaInSeo/dag-go/node.go:325.51,327.2 1 20081
github.com/HeaInSeo/dag-go/node.go:330.46,334.2 3 34
github.com/HeaInSeo/dag-go/node.go:337.40,341.2 3 1256
github.com/HeaInSeo/dag-go/node.go:346.70,347.38 1 20
github.com/HeaInSeo/dag-go/node.go:347.38,348.32 1 14
github.com/HeaInSeo/dag-go/node.go:348.32,350.4 1 1
github.com/HeaInSeo/dag-go/node.go:356.26,358.3 1 863
github.com/HeaInSeo/dag-go/node.go:362.71,367.2 4 121181
github.com/HeaInSeo/dag-go/node.go:370.42,374.2 3 121082
github.com/HeaInSeo/dag-go/node_nopprof.go:9.72,9.73 0 40233
github.com/HeaInSeo/dag-go/runner.go:25.40,27.2 1 2596
github.com/HeaInSeo/dag-go/runner.go:30.38,32.14 2 20090
github.com/HeaInSeo/dag-go/runner.go:32.14,34.3 1 5
github.com/HeaInSeo/dag-go/runner.go:35.2,35.26 1 20085
github.com/HeaInSeo/dag-go/runner.go:40.45,42.35 1 20084
github.com/HeaInSeo/dag-go/runner.go:42.35,44.3 1 11
github.com/HeaInSeo/dag-go/runner.go:47.2,49.32 3 20073
github.com/HeaInSeo/dag-go/runner.go:49.32,54.3 4 20071
github.com/HeaInSeo/dag-go/runner.go:55.2,55.15 1 20073
github.com/HeaInSeo/dag-go/runner.go:55.15,56.27 1 2
github.com/HeaInSeo/dag-go/runner.go:56.27,58.4 1 1
github.com/HeaInSeo/dag-go/runner.go:60.2,60.13 1 20072
github.com/HeaInSeo/dag-go/runner.go:65.43,69.35 3 2
github.com/HeaInSeo/dag-go/runner.go:69.35,72.3 1 1
github.com/HeaInSeo/dag-go/runner.go:73.2,74.13 2 1
github.com/HeaInSeo/dag-go/runner.go:80.53,82.14 2 20083
github.com/HeaInSeo/dag-go/runner.go:82.14,84.3 1 2
github.com/HeaInSeo/dag-go/runner.go:85.2,85.26 1 20081
github.com/HeaInSeo/dag-go/safechannel.go:26.59,31.2 1 60867
github.com/HeaInSeo/dag-go/safechannel.go:39.46,43.15 3 349
github.com/HeaInSeo/dag-go/safechannel.go:43.15,45.3 1 2
github.com/HeaInSeo/dag-go/safechannel.go:47.2,47.9 1 347
github.com/HeaInSeo/dag-go/safechannel.go:48.17,49.15 1 0
github.com/HeaInSeo/dag-go/safechannel.go:50.10,50.10 0 347
github.com/HeaInSeo/dag-go/safechannel.go:52.2,52.9 1 347
github.com/HeaInSeo/dag-go/safechannel.go:53.22,54.14 1 155
github.com/HeaInSeo/dag-go/safechannel.go:55.10,56.15 1 192
github.com/HeaInSeo/dag-go/safechannel.go:75.75,79.15 3 161268
github.com/HeaInSeo/dag-go/safechannel.go:79.15,81.3 1 27
github.com/HeaInSeo/dag-go/safechannel.go:82.2,82.9 1 161241
github.com/HeaInSeo/dag-go/safechannel.go:83.22,84.14 1 161228
github.com/HeaInSeo/dag-go/safechannel.go:85.20,86.15 1 12
github.com/HeaInSeo/dag-go/safechannel.go:87.17,88.15 1 1
github.com/HeaInSeo/dag-go/safechannel.go:100.47,103.24 1 60519
github.com/HeaInSeo/dag-go/safechannel.go:103.24,103.42 1 60511
github.com/HeaInSeo/dag-go/safechannel.go:105.2,108.15 3 60519
github.com/HeaInSeo/dag-go/safechannel.go:108.15,110.3 1 8
github.com/HeaInSeo/dag-go/safechannel.go:113.2,113.15 1 60511
github.com/HeaInSeo/dag-go/safechannel.go:113.15,114.31 1 60511
github.com/HeaInSeo/dag-go/safechannel.go:114.31,116.4 1 0
github.com/HeaInSeo/dag-go/safechannel.go:119.2,121.12 3 60511
github.com/HeaInSeo/dag-go/safechannel.go:125.47,127.2 1 120953
