mode: atomic
github.com/HeaInSeo/dag-go/cli/main.go:22.71,25.36 2 0
github.com/HeaInSeo/dag-go/cli/main.go:25.36,27.3 1 0
github.com/HeaInSeo/dag-go/cli/main.go:28.2,31.9 2 0
github.com/HeaInSeo/dag-go/cli/main.go:32.29,33.13 1 0
github.com/HeaInSeo/dag-go/cli/main.go:34.20,35.19 1 0
github.com/HeaInSeo/dag-go/cli/main.go:39.13,41.2 1 0
github.com/HeaInSeo/dag-go/cli/main.go:44.20,46.16 2 0
github.com/HeaInSeo/dag-go/cli/main.go:46.16,47.48 1 0
github.com/HeaInSeo/dag-go/cli/main.go:55.2,62.29 3 0
github.com/HeaInSeo/dag-go/cli/main.go:62.29,64.3 1 0
github.com/HeaInSeo/dag-go/cli/main.go:66.2,73.29 2 0
github.com/HeaInSeo/dag-go/cli/main.go:73.29,74.69 1 0
github.com/HeaInSeo/dag-go/cli/main.go:74.69,75.82 1 0
github.com/HeaInSeo/dag-go/cli/main.go:79.2,79.40 1 0
github.com/HeaInSeo/dag-go/cli/main.go:79.40,80.50 1 0
github.com/HeaInSeo/dag-go/cli/main.go:83.2,86.24 3 0
github.com/HeaInSeo/dag-go/cli/main.go:86.24,87.27 1 0
github.com/HeaInSeo/dag-go/cli/main.go:89.2,89.18 1 0
github.com/HeaInSeo/dag-go/cli/main.go:89.18,90.24 1 0
github.com/HeaInSeo/dag-go/cli/main.go:93.2,93.20 1 0
github.com/HeaInSeo/dag-go/cli/main.go:93.20,94.32 1 0
github.com/HeaInSeo/dag-go/cli/main.go:96.2,97.72 2 0
github.com/HeaInSeo/dag-go/debugonly/debug_stub.go:6.19,6.20 0 0
github.com/HeaInSeo/dag-go/debugonly/debug_stub.go:9.21,9.37 1 0
github.com/HeaInSeo/dag-go/dag.go:291.35,300.2 1 113
github.com/HeaInSeo/dag-go/dag.go:304.20,306.2 1 92
github.com/HeaInSeo/dag-go/dag.go:312.50,313.30 1 128
github.com/HeaInSeo/dag-go/dag.go:313.30,315.3 1 2
github.com/HeaInSeo/dag-go/dag.go:316.2,316.30 1 128
github.com/HeaInSeo/dag-go/dag.go:316.30,318.3 1 2
github.com/HeaInSeo/dag-go/dag.go:319.2,319.26 1 128
github.com/HeaInSeo/dag-go/dag.go:319.26,321.3 1 2
github.com/HeaInSeo/dag-go/dag.go:322.2,322.28 1 128
github.com/HeaInSeo/dag-go/dag.go:322.28,324.3 1 2
github.com/HeaInSeo/dag-go/dag.go:325.2,325.32 1 128
github.com/HeaInSeo/dag-go/dag.go:325.32,327.3 1 3
github.com/HeaInSeo/dag-go/dag.go:329.2,329.12 1 128
github.com/HeaInSeo/dag-go/dag.go:337.46,348.2 3 112
github.com/HeaInSeo/dag-go/dag.go:354.51,357.33 2 14
github.com/HeaInSeo/dag-go/dag.go:357.33,359.3 1 15
github.com/HeaInSeo/dag-go/dag.go:361.2,363.12 2 14
github.com/HeaInSeo/dag-go/dag.go:369.30,371.16 2 70
github.com/HeaInSeo/dag-go/dag.go:371.16,373.3 1 0
github.com/HeaInSeo/dag-go/dag.go:374.2,374.23 1 70
github.com/HeaInSeo/dag-go/dag.go:390.45,393.49 3 38
github.com/HeaInSeo/dag-go/dag.go:393.49,396.3 2 2
github.com/HeaInSeo/dag-go/dag.go:397.2,397.22 1 36
github.com/HeaInSeo/dag-go/dag.go:417.54,420.49 3 4
github.com/HeaInSeo/dag-go/dag.go:420.49,423.3 2 2
github.com/HeaInSeo/dag-go/dag.go:424.2,424.25 1 2
github.com/HeaInSeo/dag-go/dag.go:445.59,451.12 5 25
github.com/HeaInSeo/dag-go/dag.go:451.12,454.3 2 3
github.com/HeaInSeo/dag-go/dag.go:455.2,455.14 1 22
github.com/HeaInSeo/dag-go/dag.go:455.14,457.3 1 1
github.com/HeaInSeo/dag-go/dag.go:459.2,462.18 3 21
github.com/HeaInSeo/dag-go/dag.go:463.25,467.14 2 20
github.com/HeaInSeo/dag-go/dag.go:469.83,471.15 2 1
github.com/HeaInSeo/dag-go/dag.go:473.10,475.15 2 0
github.com/HeaInSeo/dag-go/dag.go:485.96,489.49 3 5
github.com/HeaInSeo/dag-go/dag.go:489.49,491.21 2 2
github.com/HeaInSeo/dag-go/dag.go:491.21,493.4 1 2
github.com/HeaInSeo/dag-go/dag.go:494.3,494.25 1 2
github.com/HeaInSeo/dag-go/dag.go:497.2,497.23 1 3
github.com/HeaInSeo/dag-go/dag.go:497.23,499.39 1 6
github.com/HeaInSeo/dag-go/dag.go:499.39,501.12 2 1
github.com/HeaInSeo/dag-go/dag.go:504.3,505.15 2 5
github.com/HeaInSeo/dag-go/dag.go:505.15,507.12 2 1
github.com/HeaInSeo/dag-go/dag.go:510.3,511.19 2 4
github.com/HeaInSeo/dag-go/dag.go:512.26,515.13 2 3
github.com/HeaInSeo/dag-go/dag.go:517.84,519.33 1 1
github.com/HeaInSeo/dag-go/dag.go:521.11,523.33 1 0
github.com/HeaInSeo/dag-go/dag.go:525.3,525.16 1 4
github.com/HeaInSeo/dag-go/dag.go:527.2,527.34 1 3
github.com/HeaInSeo/dag-go/dag.go:533.61,535.16 2 10
github.com/HeaInSeo/dag-go/dag.go:535.16,537.3 1 0
github.com/HeaInSeo/dag-go/dag.go:538.2,538.23 1 10
github.com/HeaInSeo/dag-go/dag.go:544.51,545.24 1 2
github.com/HeaInSeo/dag-go/dag.go:545.24,548.3 2 2
github.com/HeaInSeo/dag-go/dag.go:567.52,568.24 1 7
github.com/HeaInSeo/dag-go/dag.go:568.24,570.3 1 7
github.com/HeaInSeo/dag-go/dag.go:575.75,576.24 1 1
github.com/HeaInSeo/dag-go/dag.go:576.24,580.3 3 1
github.com/HeaInSeo/dag-go/dag.go:585.41,586.24 1 3
github.com/HeaInSeo/dag-go/dag.go:586.24,588.3 1 3
github.com/HeaInSeo/dag-go/dag.go:595.47,596.24 1 1
github.com/HeaInSeo/dag-go/dag.go:596.24,598.3 1 1
github.com/HeaInSeo/dag-go/dag.go:608.49,614.18 2 1
github.com/HeaInSeo/dag-go/dag.go:614.18,616.13 2 4
github.com/HeaInSeo/dag-go/dag.go:616.13,618.37 2 4
github.com/HeaInSeo/dag-go/dag.go:618.37,620.12 1 4
github.com/HeaInSeo/dag-go/dag.go:621.28,621.28 0 0
github.com/HeaInSeo/dag-go/dag.go:622.13,623.41 1 4
github.com/HeaInSeo/dag-go/dag.go:629.2,629.13 1 1
github.com/HeaInSeo/dag-go/dag.go:635.47,637.2 1 4
github.com/HeaInSeo/dag-go/dag.go:643.33,644.24 1 1
github.com/HeaInSeo/dag-go/dag.go:644.24,644.46 1 1
github.com/HeaInSeo/dag-go/dag.go:645.2,645.13 1 1
github.com/HeaInSeo/dag-go/dag.go:656.42,661.34 3 85
github.com/HeaInSeo/dag-go/dag.go:661.34,665.3 3 1
github.com/HeaInSeo/dag-go/dag.go:668.2,668.26 1 85
github.com/HeaInSeo/dag-go/dag.go:668.26,670.3 1 1
github.com/HeaInSeo/dag-go/dag.go:671.2,672.17 2 84
github.com/HeaInSeo/dag-go/dag.go:672.17,674.3 1 0
github.com/HeaInSeo/dag-go/dag.go:675.2,680.17 4 84
github.com/HeaInSeo/dag-go/dag.go:689.40,690.27 1 261
github.com/HeaInSeo/dag-go/dag.go:690.27,696.3 2 192
github.com/HeaInSeo/dag-go/dag.go:705.60,709.23 3 5
github.com/HeaInSeo/dag-go/dag.go:709.23,711.3 1 0
github.com/HeaInSeo/dag-go/dag.go:712.2,715.6 3 5
github.com/HeaInSeo/dag-go/dag.go:715.6,716.10 1 10
github.com/HeaInSeo/dag-go/dag.go:717.24,718.11 1 6
github.com/HeaInSeo/dag-go/dag.go:718.11,721.5 1 1
github.com/HeaInSeo/dag-go/dag.go:722.4,722.28 1 5
github.com/HeaInSeo/dag-go/dag.go:723.18,724.15 1 1
github.com/HeaInSeo/dag-go/dag.go:725.21,726.15 1 3
github.com/HeaInSeo/dag-go/dag.go:732.83,733.67 1 2224
github.com/HeaInSeo/dag-go/dag.go:733.67,735.3 1 2
github.com/HeaInSeo/dag-go/dag.go:738.2,738.46 1 2222
github.com/HeaInSeo/dag-go/dag.go:738.46,740.3 1 4
github.com/HeaInSeo/dag-go/dag.go:742.2,749.21 3 2218
github.com/HeaInSeo/dag-go/dag.go:753.64,754.15 1 60499
github.com/HeaInSeo/dag-go/dag.go:754.15,756.3 1 0
github.com/HeaInSeo/dag-go/dag.go:757.2,757.35 1 60499
github.com/HeaInSeo/dag-go/dag.go:757.35,759.3 1 7
github.com/HeaInSeo/dag-go/dag.go:759.8,761.3 1 60492
github.com/HeaInSeo/dag-go/dag.go:765.33,766.33 1 64
github.com/HeaInSeo/dag-go/dag.go:766.33,768.3 1 40154
github.com/HeaInSeo/dag-go/dag.go:769.2,770.36 2 64
github.com/HeaInSeo/dag-go/dag.go:770.36,772.3 1 20217
github.com/HeaInSeo/dag-go/dag.go:773.2,773.40 1 64
github.com/HeaInSeo/dag-go/dag.go:778.85,779.30 1 2
github.com/HeaInSeo/dag-go/dag.go:779.30,780.53 1 2
github.com/HeaInSeo/dag-go/dag.go:780.53,782.4 1 1
github.com/HeaInSeo/dag-go/dag.go:784.2,784.12 1 1
github.com/HeaInSeo/dag-go/dag.go:794.36,796.20 2 28
github.com/HeaInSeo/dag-go/dag.go:796.20,798.3 1 1
github.com/HeaInSeo/dag-go/dag.go:799.2,800.53 2 27
github.com/HeaInSeo/dag-go/dag.go:807.39,809.2 1 26
github.com/HeaInSeo/dag-go/dag.go:814.32,816.2 1 4
github.com/HeaInSeo/dag-go/dag.go:820.33,826.2 5 3
github.com/HeaInSeo/dag-go/dag.go:830.38,833.26 3 2
github.com/HeaInSeo/dag-go/dag.go:833.26,835.3 1 1
github.com/HeaInSeo/dag-go/dag.go:836.2,836.25 1 1
github.com/HeaInSeo/dag-go/dag.go:841.36,844.24 3 2
github.com/HeaInSeo/dag-go/dag.go:844.24,846.3 1 1
github.com/HeaInSeo/dag-go/dag.go:847.2,847.23 1 1
github.com/HeaInSeo/dag-go/dag.go:853.45,857.19 3 24
github.com/HeaInSeo/dag-go/dag.go:857.19,859.3 1 0
github.com/HeaInSeo/dag-go/dag.go:860.2,860.38 1 24
github.com/HeaInSeo/dag-go/dag.go:860.38,863.3 2 2
github.com/HeaInSeo/dag-go/dag.go:864.2,864.27 1 22
github.com/HeaInSeo/dag-go/dag.go:870.89,874.19 3 5
github.com/HeaInSeo/dag-go/dag.go:874.19,876.3 1 0
github.com/HeaInSeo/dag-go/dag.go:877.2,877.38 1 5
github.com/HeaInSeo/dag-go/dag.go:877.38,880.3 2 2
github.com/HeaInSeo/dag-go/dag.go:881.2,881.14 1 3
github.com/HeaInSeo/dag-go/dag.go:881.14,883.3 1 2
github.com/HeaInSeo/dag-go/dag.go:884.2,884.27 1 1
github.com/HeaInSeo/dag-go/dag.go:888.45,890.40 1 1288
github.com/HeaInSeo/dag-go/dag.go:890.40,892.3 1 2
github.com/HeaInSeo/dag-go/dag.go:894.2,899.38 4 1286
github.com/HeaInSeo/dag-go/dag.go:899.38,901.3 1 1142
github.com/HeaInSeo/dag-go/dag.go:903.2,903.13 1 1286
github.com/HeaInSeo/dag-go/dag.go:906.74,908.40 1 2
github.com/HeaInSeo/dag-go/dag.go:908.40,910.3 1 1
github.com/HeaInSeo/dag-go/dag.go:912.2,918.38 5 1
github.com/HeaInSeo/dag-go/dag.go:918.38,920.3 1 1
github.com/HeaInSeo/dag-go/dag.go:922.2,922.13 1 1
github.com/HeaInSeo/dag-go/dag.go:928.46,929.16 1 1163
github.com/HeaInSeo/dag-go/dag.go:929.16,931.3 1 3
github.com/HeaInSeo/dag-go/dag.go:932.2,932.31 1 1160
github.com/HeaInSeo/dag-go/dag.go:932.31,934.3 1 4
github.com/HeaInSeo/dag-go/dag.go:935.2,935.29 1 1156
github.com/HeaInSeo/dag-go/dag.go:935.29,937.3 1 3
github.com/HeaInSeo/dag-go/dag.go:938.2,938.12 1 1153
github.com/HeaInSeo/dag-go/dag.go:943.48,944.51 1 1138
github.com/HeaInSeo/dag-go/dag.go:944.51,947.3 2 8
github.com/HeaInSeo/dag-go/dag.go:949.2,953.34 3 1130
github.com/HeaInSeo/dag-go/dag.go:953.34,957.3 3 7
github.com/HeaInSeo/dag-go/dag.go:961.2,961.27 1 1130
github.com/HeaInSeo/dag-go/dag.go:961.27,963.3 1 1
github.com/HeaInSeo/dag-go/dag.go:964.2,964.19 1 1129
github.com/HeaInSeo/dag-go/dag.go:964.19,966.3 1 0
github.com/HeaInSeo/dag-go/dag.go:974.2,974.21 1 1129
github.com/HeaInSeo/dag-go/dag.go:974.21,976.3 1 1
github.com/HeaInSeo/dag-go/dag.go:977.2,977.38 1 1128
github.com/HeaInSeo/dag-go/dag.go:977.38,979.3 1 3
github.com/HeaInSeo/dag-go/dag.go:982.2,982.52 1 1125
github.com/HeaInSeo/dag-go/dag.go:982.52,983.41 1 2250
github.com/HeaInSeo/dag-go/dag.go:983.41,985.4 1 1133
github.com/HeaInSeo/dag-go/dag.go:986.3,987.18 2 1117
github.com/HeaInSeo/dag-go/dag.go:987.18,989.4 1 0
github.com/HeaInSeo/dag-go/dag.go:990.3,990.19 1 1117
github.com/HeaInSeo/dag-go/dag.go:993.2,994.16 2 1125
github.com/HeaInSeo/dag-go/dag.go:994.16,996.3 1 0
github.com/HeaInSeo/dag-go/dag.go:997.2,998.16 2 1125
github.com/HeaInSeo/dag-go/dag.go:998.16,1000.3 1 0
github.com/HeaInSeo/dag-go/dag.go:1003.2,1004.38 2 1125
github.com/HeaInSeo/dag-go/dag.go:1004.38,1006.3 1 2
github.com/HeaInSeo/dag-go/dag.go:1007.2,1007.17 1 1123
github.com/HeaInSeo/dag-go/dag.go:1007.17,1009.3 1 0
github.com/HeaInSeo/dag-go/dag.go:1012.2,1017.12 5 1123
github.com/HeaInSeo/dag-go/dag.go:1021.60,1022.51 1 25
github.com/HeaInSeo/dag-go/dag.go:1022.51,1025.3 2 2
github.com/HeaInSeo/dag-go/dag.go:1027.2,1031.34 3 23
github.com/HeaInSeo/dag-go/dag.go:1031.34,1035.3 3 5
github.com/HeaInSeo/dag-go/dag.go:1039.2,1039.27 1 23
github.com/HeaInSeo/dag-go/dag.go:1039.27,1041.3 1 1
github.com/HeaInSeo/dag-go/dag.go:1042.2,1042.19 1 22
github.com/HeaInSeo/dag-go/dag.go:1042.19,1044.3 1 0
github.com/HeaInSeo/dag-go/dag.go:1047.2,1047.21 1 22
github.com/HeaInSeo/dag-go/dag.go:1047.21,1049.3 1 1
github.com/HeaInSeo/dag-go/dag.go:1050.2,1050.38 1 21
github.com/HeaInSeo/dag-go/dag.go:1050.38,1052.3 1 2
github.com/HeaInSeo/dag-go/dag.go:1055.2,1055.44 1 19
github.com/HeaInSeo/dag-go/dag.go:1055.44,1056.41 1 38
github.com/HeaInSeo/dag-go/dag.go:1056.41,1058.4 1 37
github.com/HeaInSeo/dag-go/dag.go:1059.3,1059.64 1 1
github.com/HeaInSeo/dag-go/dag.go:1062.2,1063.16 2 19
github.com/HeaInSeo/dag-go/dag.go:1063.16,1065.3 1 0
github.com/HeaInSeo/dag-go/dag.go:1066.2,1067.16 2 19
github.com/HeaInSeo/dag-go/dag.go:1067.16,1069.3 1 1
github.com/HeaInSeo/dag-go/dag.go:1072.2,1073.38 2 18
github.com/HeaInSeo/dag-go/dag.go:1073.38,1075.3 1 0
github.com/HeaInSeo/dag-go/dag.go:1076.2,1076.17 1 18
github.com/HeaInSeo/dag-go/dag.go:1076.17,1078.3 1 0
github.com/HeaInSeo/dag-go/dag.go:1081.2,1086.12 5 18
github.com/HeaInSeo/dag-go/dag.go:1090.58,1092.34 1 1079
github.com/HeaInSeo/dag-go/dag.go:1092.34,1096.3 3 3
github.com/HeaInSeo/dag-go/dag.go:1099.2,1099.21 1 1079
github.com/HeaInSeo/dag-go/dag.go:1099.21,1101.3 1 1
github.com/HeaInSeo/dag-go/dag.go:1102.2,1102.19 1 1078
github.com/HeaInSeo/dag-go/dag.go:1102.19,1104.3 1 1
github.com/HeaInSeo/dag-go/dag.go:1107.2,1108.38 2 1077
github.com/HeaInSeo/dag-go/dag.go:1108.38,1110.3 1 1
github.com/HeaInSeo/dag-go/dag.go:1111.2,1111.17 1 1076
github.com/HeaInSeo/dag-go/dag.go:1111.17,1113.3 1 0
github.com/HeaInSeo/dag-go/dag.go:1116.2,1123.12 5 1076
github.com/HeaInSeo/dag-go/dag.go:1129.46,1130.26 1 65
github.com/HeaInSeo/dag-go/dag.go:1130.26,1131.47 1 1195
github.com/HeaInSeo/dag-go/dag.go:1131.47,1132.12 1 1194
github.com/HeaInSeo/dag-go/dag.go:1134.3,1134.43 1 1
github.com/HeaInSeo/dag-go/dag.go:1134.43,1135.12 1 0
github.com/HeaInSeo/dag-go/dag.go:1137.3,1137.22 1 1
github.com/HeaInSeo/dag-go/dag.go:1137.22,1139.4 1 0
github.com/HeaInSeo/dag-go/dag.go:1140.3,1140.69 1 1
github.com/HeaInSeo/dag-go/dag.go:1142.2,1142.12 1 64
github.com/HeaInSeo/dag-go/dag.go:1147.52,1149.26 2 64
github.com/HeaInSeo/dag-go/dag.go:1149.26,1150.24 1 1189
github.com/HeaInSeo/dag-go/dag.go:1150.24,1151.12 1 63
github.com/HeaInSeo/dag-go/dag.go:1153.3,1153.23 1 1126
github.com/HeaInSeo/dag-go/dag.go:1153.23,1155.4 1 1
github.com/HeaInSeo/dag-go/dag.go:1157.2,1157.12 1 63
github.com/HeaInSeo/dag-go/dag.go:1162.55,1163.26 1 66
github.com/HeaInSeo/dag-go/dag.go:1163.26,1165.3 1 1
github.com/HeaInSeo/dag-go/dag.go:1166.2,1166.50 1 65
github.com/HeaInSeo/dag-go/dag.go:1166.50,1168.3 1 1
github.com/HeaInSeo/dag-go/dag.go:1169.2,1169.51 1 64
github.com/HeaInSeo/dag-go/dag.go:1169.51,1171.3 1 1
github.com/HeaInSeo/dag-go/dag.go:1173.2,1173.22 1 63
github.com/HeaInSeo/dag-go/dag.go:1173.22,1175.3 1 3
github.com/HeaInSeo/dag-go/dag.go:1176.2,1176.12 1 60
github.com/HeaInSeo/dag-go/dag.go:1180.35,1185.34 3 69
github.com/HeaInSeo/dag-go/dag.go:1185.34,1189.3 3 9
github.com/HeaInSeo/dag-go/dag.go:1193.2,1193.27 1 69
github.com/HeaInSeo/dag-go/dag.go:1193.27,1195.3 1 1
github.com/HeaInSeo/dag-go/dag.go:1196.2,1196.19 1 68
github.com/HeaInSeo/dag-go/dag.go:1196.19,1198.3 1 1
github.com/HeaInSeo/dag-go/dag.go:1199.2,1199.25 1 67
github.com/HeaInSeo/dag-go/dag.go:1199.25,1201.3 1 1
github.com/HeaInSeo/dag-go/dag.go:1204.2,1205.30 2 66
github.com/HeaInSeo/dag-go/dag.go:1205.30,1207.3 1 1196
github.com/HeaInSeo/dag-go/dag.go:1213.2,1213.52 1 66
github.com/HeaInSeo/dag-go/dag.go:1213.52,1215.3 1 6
github.com/HeaInSeo/dag-go/dag.go:1220.2,1221.24 2 60
github.com/HeaInSeo/dag-go/dag.go:1221.24,1223.3 1 0
github.com/HeaInSeo/dag-go/dag.go:1227.2,1230.26 2 60
github.com/HeaInSeo/dag-go/dag.go:1230.26,1231.46 1 1178
github.com/HeaInSeo/dag-go/dag.go:1231.46,1232.57 1 1075
github.com/HeaInSeo/dag-go/dag.go:1232.57,1234.5 1 0
github.com/HeaInSeo/dag-go/dag.go:1238.2,1239.12 2 60
github.com/HeaInSeo/dag-go/dag.go:1244.25,1251.30 3 23
github.com/HeaInSeo/dag-go/dag.go:1251.30,1259.3 7 19053
github.com/HeaInSeo/dag-go/dag.go:1263.2,1263.26 1 23
github.com/HeaInSeo/dag-go/dag.go:1263.26,1269.3 3 23
github.com/HeaInSeo/dag-go/dag.go:1274.2,1274.33 1 23
github.com/HeaInSeo/dag-go/dag.go:1274.33,1276.56 2 38012
github.com/HeaInSeo/dag-go/dag.go:1276.56,1280.4 3 38012
github.com/HeaInSeo/dag-go/dag.go:1281.3,1281.53 1 38012
github.com/HeaInSeo/dag-go/dag.go:1281.53,1285.4 3 38012
github.com/HeaInSeo/dag-go/dag.go:1290.2,1304.24 7 23
github.com/HeaInSeo/dag-go/dag.go:1325.25,1328.24 3 23
github.com/HeaInSeo/dag-go/dag.go:1328.24,1331.3 2 1
github.com/HeaInSeo/dag-go/dag.go:1332.2,1332.13 1 22
github.com/HeaInSeo/dag-go/dag.go:1337.32,1340.24 3 2
github.com/HeaInSeo/dag-go/dag.go:1340.24,1342.3 1 1
github.com/HeaInSeo/dag-go/dag.go:1343.2,1344.12 2 1
github.com/HeaInSeo/dag-go/dag.go:1352.40,1356.49 3 69
github.com/HeaInSeo/dag-go/dag.go:1356.49,1358.3 1 1
github.com/HeaInSeo/dag-go/dag.go:1359.2,1359.24 1 68
github.com/HeaInSeo/dag-go/dag.go:1359.24,1361.3 1 1
github.com/HeaInSeo/dag-go/dag.go:1362.2,1362.30 1 67
github.com/HeaInSeo/dag-go/dag.go:1362.30,1364.3 1 20228
github.com/HeaInSeo/dag-go/dag.go:1365.2,1365.12 1 67
github.com/HeaInSeo/dag-go/dag.go:1370.38,1371.45 1 67
github.com/HeaInSeo/dag-go/dag.go:1371.45,1374.3 2 1
github.com/HeaInSeo/dag-go/dag.go:1375.2,1375.13 1 66
github.com/HeaInSeo/dag-go/dag.go:1390.54,1391.16 1 67
github.com/HeaInSeo/dag-go/dag.go:1391.16,1393.3 1 0
github.com/HeaInSeo/dag-go/dag.go:1395.2,1399.11 4 67
github.com/HeaInSeo/dag-go/dag.go:1399.11,1401.3 1 1
github.com/HeaInSeo/dag-go/dag.go:1402.2,1402.20 1 66
github.com/HeaInSeo/dag-go/dag.go:1402.20,1404.3 1 1
github.com/HeaInSeo/dag-go/dag.go:1405.2,1405.48 1 65
github.com/HeaInSeo/dag-go/dag.go:1405.48,1407.3 1 0
github.com/HeaInSeo/dag-go/dag.go:1409.2,1409.27 1 65
github.com/HeaInSeo/dag-go/dag.go:1409.27,1411.3 1 1
github.com/HeaInSeo/dag-go/dag.go:1414.2,1414.30 1 64
github.com/HeaInSeo/dag-go/dag.go:1414.30,1415.22 1 20218
github.com/HeaInSeo/dag-go/dag.go:1415.22,1417.4 1 1
github.com/HeaInSeo/dag-go/dag.go:1425.2,1425.42 1 63
github.com/HeaInSeo/dag-go/dag.go:1425.42,1428.3 1 1
github.com/HeaInSeo/dag-go/dag.go:1429.2,1437.30 5 62
github.com/HeaInSeo/dag-go/dag.go:1437.30,1441.54 4 20214
github.com/HeaInSeo/dag-go/dag.go:1441.54,1444.4 2 20214
github.com/HeaInSeo/dag-go/dag.go:1447.2,1448.12 2 62
github.com/HeaInSeo/dag-go/dag.go:1452.52,1453.43 1 65
github.com/HeaInSeo/dag-go/dag.go:1453.43,1456.3 2 4
github.com/HeaInSeo/dag-go/dag.go:1457.2,1457.13 1 61
github.com/HeaInSeo/dag-go/dag.go:1472.32,1481.41 5 66
github.com/HeaInSeo/dag-go/dag.go:1481.41,1483.3 1 2
github.com/HeaInSeo/dag-go/dag.go:1485.2,1485.46 1 64
github.com/HeaInSeo/dag-go/dag.go:1485.46,1487.3 1 2
github.com/HeaInSeo/dag-go/dag.go:1488.2,1488.26 1 62
github.com/HeaInSeo/dag-go/dag.go:1488.26,1492.3 3 1
github.com/HeaInSeo/dag-go/dag.go:1493.2,1494.12 2 61
github.com/HeaInSeo/dag-go/dag.go:1498.30,1499.37 1 61
github.com/HeaInSeo/dag-go/dag.go:1499.37,1502.3 2 2
github.com/HeaInSeo/dag-go/dag.go:1503.2,1503.13 1 59
github.com/HeaInSeo/dag-go/dag.go:1521.48,1522.16 1 63
github.com/HeaInSeo/dag-go/dag.go:1522.16,1524.3 1 0
github.com/HeaInSeo/dag-go/dag.go:1526.2,1526.27 1 63
github.com/HeaInSeo/dag-go/dag.go:1526.27,1528.3 1 1
github.com/HeaInSeo/dag-go/dag.go:1540.2,1540.15 1 62
github.com/HeaInSeo/dag-go/dag.go:1540.15,1544.3 3 62
github.com/HeaInSeo/dag-go/dag.go:1547.2,1549.18 3 62
github.com/HeaInSeo/dag-go/dag.go:1549.18,1551.3 1 0
github.com/HeaInSeo/dag-go/dag.go:1551.8,1553.3 1 62
github.com/HeaInSeo/dag-go/dag.go:1554.2,1560.12 3 62
github.com/HeaInSeo/dag-go/dag.go:1560.12,1562.3 1 62
github.com/HeaInSeo/dag-go/dag.go:1564.2,1564.6 1 62
github.com/HeaInSeo/dag-go/dag.go:1564.6,1565.10 1 60483
github.com/HeaInSeo/dag-go/dag.go:1566.28,1569.11 1 0
github.com/HeaInSeo/dag-go/dag.go:1569.11,1571.5 1 0
github.com/HeaInSeo/dag-go/dag.go:1573.48,1574.11 1 60481
github.com/HeaInSeo/dag-go/dag.go:1574.11,1577.5 1 0
github.com/HeaInSeo/dag-go/dag.go:1579.4,1579.27 1 60481
github.com/HeaInSeo/dag-go/dag.go:1579.27,1587.35 3 166
github.com/HeaInSeo/dag-go/dag.go:1587.35,1589.6 1 7
github.com/HeaInSeo/dag-go/dag.go:1590.5,1590.29 1 159
github.com/HeaInSeo/dag-go/dag.go:1590.29,1592.6 1 53
github.com/HeaInSeo/dag-go/dag.go:1593.10,1595.5 1 60315
github.com/HeaInSeo/dag-go/dag.go:1596.25,1598.16 2 2
github.com/HeaInSeo/dag-go/dag.go:1606.50,1607.20 1 3
github.com/HeaInSeo/dag-go/dag.go:1607.20,1608.23 1 2
github.com/HeaInSeo/dag-go/dag.go:1608.23,1610.4 1 1
github.com/HeaInSeo/dag-go/dag.go:1611.3,1611.88 1 1
github.com/HeaInSeo/dag-go/dag.go:1613.2,1613.12 1 1
github.com/HeaInSeo/dag-go/dag.go:1626.18,1631.3 1 21
github.com/HeaInSeo/dag-go/dag.go:1637.51,1640.22 3 64
github.com/HeaInSeo/dag-go/dag.go:1640.22,1641.32 1 1200
github.com/HeaInSeo/dag-go/dag.go:1641.32,1643.4 1 10
github.com/HeaInSeo/dag-go/dag.go:1644.3,1645.36 2 1190
github.com/HeaInSeo/dag-go/dag.go:1645.36,1647.4 1 1136
github.com/HeaInSeo/dag-go/dag.go:1649.2,1650.16 2 64
github.com/HeaInSeo/dag-go/dag.go:1654.73,1655.23 1 1604
github.com/HeaInSeo/dag-go/dag.go:1655.23,1657.3 1 4
github.com/HeaInSeo/dag-go/dag.go:1658.2,1658.22 1 1600
github.com/HeaInSeo/dag-go/dag.go:1658.22,1660.3 1 395
github.com/HeaInSeo/dag-go/dag.go:1661.2,1664.38 3 1205
github.com/HeaInSeo/dag-go/dag.go:1664.38,1665.47 1 1154
github.com/HeaInSeo/dag-go/dag.go:1665.47,1667.4 1 10
github.com/HeaInSeo/dag-go/dag.go:1670.2,1671.14 2 1195
github.com/HeaInSeo/dag-go/dag.go:1678.33,1688.33 5 66
github.com/HeaInSeo/dag-go/dag.go:1688.33,1689.30 1 1199
github.com/HeaInSeo/dag-go/dag.go:1689.30,1690.59 1 450
github.com/HeaInSeo/dag-go/dag.go:1690.59,1692.5 1 4
github.com/HeaInSeo/dag-go/dag.go:1695.2,1695.14 1 62
github.com/HeaInSeo/dag-go/dag.go:1703.33,1707.2 3 3
github.com/HeaInSeo/dag-go/dag.go:1712.29,1713.74 1 20228
github.com/HeaInSeo/dag-go/dag.go:1713.74,1718.39 1 20214
github.com/HeaInSeo/dag-go/dag.go:1718.39,1720.41 2 60600
github.com/HeaInSeo/dag-go/dag.go:1720.41,1722.5 1 1
github.com/HeaInSeo/dag-go/dag.go:1728.3,1729.25 2 20214
github.com/HeaInSeo/dag-go/dag.go:1729.25,1731.4 1 20214
github.com/HeaInSeo/dag-go/dag.go:1732.3,1732.63 1 20214
github.com/HeaInSeo/dag-go/dag.go:1732.63,1739.4 6 3
github.com/HeaInSeo/dag-go/dag.go:1743.3,1743.74 1 20211
github.com/HeaInSeo/dag-go/dag.go:1743.74,1745.4 1 0
github.com/HeaInSeo/dag-go/dag.go:1750.3,1751.36 2 20211
github.com/HeaInSeo/dag-go/dag.go:1751.36,1752.53 1 13
github.com/HeaInSeo/dag-go/dag.go:1752.53,1755.76 1 11
github.com/HeaInSeo/dag-go/dag.go:1755.76,1757.6 1 0
github.com/HeaInSeo/dag-go/dag.go:1758.5,1760.30 3 11
github.com/HeaInSeo/dag-go/dag.go:1761.10,1763.75 1 2
github.com/HeaInSeo/dag-go/dag.go:1763.75,1765.6 1 0
github.com/HeaInSeo/dag-go/dag.go:1766.5,1766.19 1 2
github.com/HeaInSeo/dag-go/dag.go:1768.4,1771.10 4 13
github.com/HeaInSeo/dag-go/dag.go:1773.3,1781.56 3 20198
github.com/HeaInSeo/dag-go/dag.go:1781.56,1782.11 1 20198
github.com/HeaInSeo/dag-go/dag.go:1783.34,1784.18 1 20198
github.com/HeaInSeo/dag-go/dag.go:1784.18,1784.34 1 20198
github.com/HeaInSeo/dag-go/dag.go:1785.22,1788.75 3 0
github.com/HeaInSeo/dag-go/dag.go:1788.75,1790.6 1 0
github.com/HeaInSeo/dag-go/dag.go:1791.5,1794.11 4 0
github.com/HeaInSeo/dag-go/dag.go:1808.3,1814.10 6 20198
github.com/HeaInSeo/dag-go/dag.go:1815.24,1816.63 1 3
github.com/HeaInSeo/dag-go/dag.go:1817.68,1818.85 1 20060
github.com/HeaInSeo/dag-go/dag.go:1819.11,1820.49 1 135
github.com/HeaInSeo/dag-go/dag.go:1822.3,1827.35 4 20198
github.com/HeaInSeo/dag-go/dag.go:1827.35,1828.74 1 10
github.com/HeaInSeo/dag-go/dag.go:1828.74,1830.5 1 0
github.com/HeaInSeo/dag-go/dag.go:1831.4,1834.10 4 10
github.com/HeaInSeo/dag-go/dag.go:1836.3,1841.37 4 20188
github.com/HeaInSeo/dag-go/dag.go:1841.37,1842.74 1 0
github.com/HeaInSeo/dag-go/dag.go:1842.74,1844.5 1 0
github.com/HeaInSeo/dag-go/dag.go:1845.9,1846.77 1 20188
github.com/HeaInSeo/dag-go/dag.go:1846.77,1848.5 1 0
github.com/HeaInSeo/dag-go/dag.go:1850.3,1850.25 1 20188
github.com/HeaInSeo/dag-go/dag.go:1855.49,1857.29 1 63
github.com/HeaInSeo/dag-go/dag.go:1857.29,1859.3 1 1
github.com/HeaInSeo/dag-go/dag.go:1861.2,1861.52 1 62
github.com/HeaInSeo/dag-go/dag.go:1869.112,1872.30 2 62
github.com/HeaInSeo/dag-go/dag.go:1872.30,1873.22 1 20214
github.com/HeaInSeo/dag-go/dag.go:1873.22,1874.37 1 20214
github.com/HeaInSeo/dag-go/dag.go:1874.37,1875.41 1 60539
github.com/HeaInSeo/dag-go/dag.go:1875.41,1878.6 2 45
github.com/HeaInSeo/dag-go/dag.go:1880.4,1880.14 1 20169
github.com/HeaInSeo/dag-go/dag.go:1884.2,1884.25 1 62
github.com/HeaInSeo/dag-go/dag.go:1916.36,1922.28 4 3
github.com/HeaInSeo/dag-go/dag.go:1922.28,1924.3 1 10
github.com/HeaInSeo/dag-go/dag.go:1925.2,1933.33 5 3
github.com/HeaInSeo/dag-go/dag.go:1933.33,1936.3 2 7
github.com/HeaInSeo/dag-go/dag.go:1939.2,1939.33 1 3
github.com/HeaInSeo/dag-go/dag.go:1939.33,1941.3 1 7
github.com/HeaInSeo/dag-go/dag.go:1943.2,1943.20 1 3
github.com/HeaInSeo/dag-go/dag.go:1950.120,1951.21 1 14
github.com/HeaInSeo/dag-go/dag.go:1951.21,1953.3 1 4
github.com/HeaInSeo/dag-go/dag.go:1954.2,1956.16 3 10
github.com/HeaInSeo/dag-go/dag.go:1957.26,1958.73 1 6
github.com/HeaInSeo/dag-go/dag.go:1959.10,1960.88 1 4
github.com/HeaInSeo/dag-go/dag.go:1968.54,1969.14 1 4
github.com/HeaInSeo/dag-go/dag.go:1969.14,1970.36 1 4
github.com/HeaInSeo/dag-go/dag.go:1970.36,1972.4 1 1
github.com/HeaInSeo/dag-go/dag.go:1974.2,1974.35 1 3
github.com/HeaInSeo/dag-go/dag.go:1980.56,1985.25 3 3
github.com/HeaInSeo/dag-go/dag.go:1985.25,1989.3 3 10
github.com/HeaInSeo/dag-go/dag.go:1993.2,1995.25 3 3
github.com/HeaInSeo/dag-go/dag.go:1995.25,1997.23 2 10
github.com/HeaInSeo/dag-go/dag.go:1997.23,2000.4 2 0
github.com/HeaInSeo/dag-go/dag.go:2000.9,2002.4 1 10
github.com/HeaInSeo/dag-go/dag.go:2004.2,2004.15 1 3
github.com/HeaInSeo/dag-go/dag.go:2010.40,2013.23 3 10
github.com/HeaInSeo/dag-go/dag.go:2013.23,2014.93 1 71
github.com/HeaInSeo/dag-go/dag.go:2014.93,2016.4 1 69
github.com/HeaInSeo/dag-go/dag.go:2016.9,2018.4 1 2
github.com/HeaInSeo/dag-go/dag.go:2020.2,2020.19 1 10
github.com/HeaInSeo/dag-go/dag.go:2028.42,2033.2 4 10
github.com/HeaInSeo/dag-go/dag.go:2052.48,2053.21 1 6
github.com/HeaInSeo/dag-go/dag.go:2053.21,2055.3 1 1
github.com/HeaInSeo/dag-go/dag.go:2056.2,2056.32 1 5
github.com/HeaInSeo/dag-go/dag.go:2056.32,2058.3 1 1
github.com/HeaInSeo/dag-go/dag.go:2060.2,2077.32 5 4
github.com/HeaInSeo/dag-go/dag.go:2077.32,2079.18 2 12
github.com/HeaInSeo/dag-go/dag.go:2080.18,2081.27 1 3
github.com/HeaInSeo/dag-go/dag.go:2082.16,2083.25 1 3
github.com/HeaInSeo/dag-go/dag.go:2088.2,2094.29 2 4
github.com/HeaInSeo/dag-go/dag.go:2094.29,2098.3 1 3
github.com/HeaInSeo/dag-go/dag.go:2099.2,2099.36 1 4
github.com/HeaInSeo/dag-go/dag.go:2099.36,2101.59 2 8
github.com/HeaInSeo/dag-go/dag.go:2101.59,2103.4 1 8
github.com/HeaInSeo/dag-go/dag.go:2104.3,2104.56 1 8
github.com/HeaInSeo/dag-go/dag.go:2104.56,2106.4 1 8
github.com/HeaInSeo/dag-go/dag.go:2109.2,2109.15 1 4
github.com/HeaInSeo/dag-go/dag.go:2113.57,2115.30 1 9
github.com/HeaInSeo/dag-go/dag.go:2115.30,2117.3 1 0
github.com/HeaInSeo/dag-go/dag.go:2120.2,2121.35 2 9
github.com/HeaInSeo/dag-go/dag.go:2121.35,2128.3 2 180
github.com/HeaInSeo/dag-go/dag.go:2131.2,2131.35 1 9
github.com/HeaInSeo/dag-go/dag.go:2131.35,2138.35 4 180
github.com/HeaInSeo/dag-go/dag.go:2138.35,2139.51 1 439
github.com/HeaInSeo/dag-go/dag.go:2139.51,2141.5 1 439
github.com/HeaInSeo/dag-go/dag.go:2144.3,2144.36 1 180
github.com/HeaInSeo/dag-go/dag.go:2144.36,2145.49 1 439
github.com/HeaInSeo/dag-go/dag.go:2145.49,2147.5 1 439
github.com/HeaInSeo/dag-go/dag.go:2152.2,2153.35 2 9
github.com/HeaInSeo/dag-go/dag.go:2153.35,2159.3 1 439
github.com/HeaInSeo/dag-go/dag.go:2161.2,2161.27 1 9
github.com/HeaInSeo/dag-go/dag.go:2164.63,2165.29 1 2222
github.com/HeaInSeo/dag-go/dag.go:2165.29,2166.59 1 1999492
github.com/HeaInSeo/dag-go/dag.go:2166.59,2168.4 1 4
github.com/HeaInSeo/dag-go/dag.go:2170.2,2170.14 1 2218
github.com/HeaInSeo/dag-go/node.go:65.45,69.2 3 16
github.com/HeaInSeo/dag-go/node.go:72.39,76.2 3 40180
github.com/HeaInSeo/dag-go/node.go:86.50,87.14 1 41038
github.com/HeaInSeo/dag-go/node.go:88.25,89.60 1 20519
github.com/HeaInSeo/dag-go/node.go:90.25,94.88 1 20316
github.com/HeaInSeo/dag-go/node.go:95.10,97.15 1 203
github.com/HeaInSeo/dag-go/node.go:108.59,109.34 1 41038
github.com/HeaInSeo/dag-go/node.go:109.34,111.3 1 204
github.com/HeaInSeo/dag-go/node.go:112.2,114.22 3 40834
github.com/HeaInSeo/dag-go/node.go:114.22,116.3 1 399
github.com/HeaInSeo/dag-go/node.go:117.2,118.13 2 40435
github.com/HeaInSeo/dag-go/node.go:122.37,126.2 3 20467
github.com/HeaInSeo/dag-go/node.go:129.33,133.2 3 60311
github.com/HeaInSeo/dag-go/node.go:140.42,141.34 1 20212
github.com/HeaInSeo/dag-go/node.go:141.34,143.56 2 40148
github.com/HeaInSeo/dag-go/node.go:143.56,146.4 2 5
github.com/HeaInSeo/dag-go/node.go:148.2,148.13 1 20207
github.com/HeaInSeo/dag-go/node.go:152.32,153.64 1 20162
github.com/HeaInSeo/dag-go/node.go:153.64,155.3 1 20090
github.com/HeaInSeo/dag-go/node.go:165.36,167.2 1 26
github.com/HeaInSeo/dag-go/node.go:169.36,171.2 1 4
github.com/HeaInSeo/dag-go/node.go:181.16,182.22 1 40241
github.com/HeaInSeo/dag-go/node.go:182.22,184.10 2 40241
github.com/HeaInSeo/dag-go/node.go:185.36,186.57 1 40236
github.com/HeaInSeo/dag-go/node.go:186.57,188.5 1 13
github.com/HeaInSeo/dag-go/node.go:189.4,189.14 1 40223
github.com/HeaInSeo/dag-go/node.go:190.23,191.22 1 5
github.com/HeaInSeo/dag-go/node.go:206.68,207.14 1 20218
github.com/HeaInSeo/dag-go/node.go:207.14,209.3 1 0
github.com/HeaInSeo/dag-go/node.go:214.2,221.24 4 20218
github.com/HeaInSeo/dag-go/node.go:221.24,224.3 2 20211
github.com/HeaInSeo/dag-go/node.go:226.2,226.36 1 20218
github.com/HeaInSeo/dag-go/node.go:226.36,227.16 1 40241
github.com/HeaInSeo/dag-go/node.go:227.16,234.23 3 0
github.com/HeaInSeo/dag-go/node.go:234.23,236.5 1 0
github.com/HeaInSeo/dag-go/node.go:237.4,237.9 1 0
github.com/HeaInSeo/dag-go/node.go:239.3,239.70 1 40241
github.com/HeaInSeo/dag-go/node.go:242.2,243.16 2 20218
github.com/HeaInSeo/dag-go/node.go:243.16,247.3 3 20202
github.com/HeaInSeo/dag-go/node.go:249.2,251.24 3 16
github.com/HeaInSeo/dag-go/node.go:251.24,253.3 1 13
github.com/HeaInSeo/dag-go/node.go:255.2,257.51 3 16
github.com/HeaInSeo/dag-go/node.go:262.58,263.14 1 20200
github.com/HeaInSeo/dag-go/node.go:263.14,265.3 1 1
github.com/HeaInSeo/dag-go/node.go:268.2,268.42 1 20199
github.com/HeaInSeo/dag-go/node.go:268.42,272.3 3 115
github.com/HeaInSeo/dag-go/node.go:277.2,277.19 1 20084
github.com/HeaInSeo/dag-go/node.go:277.19,278.40 1 20083
github.com/HeaInSeo/dag-go/node.go:278.40,282.26 4 10
github.com/HeaInSeo/dag-go/node.go:282.26,284.5 1 10
github.com/HeaInSeo/dag-go/node.go:286.8,288.3 1 1
github.com/HeaInSeo/dag-go/node.go:290.2,290.19 1 20084
github.com/HeaInSeo/dag-go/node.go:290.19,293.3 2 20073
github.com/HeaInSeo/dag-go/node.go:294.2,295.45 2 11
github.com/HeaInSeo/dag-go/node.go:301.60,302.14 1 20190
github.com/HeaInSeo/dag-go/node.go:302.14,304.3 1 1
github.com/HeaInSeo/dag-go/node.go:306.2,306.21 1 20189
github.com/HeaInSeo/dag-go/node.go:306.21,309.3 2 53
github.com/HeaInSeo/dag-go/node.go:311.2,312.19 2 20136
github.com/HeaInSeo/dag-go/node.go:312.19,314.3 1 20136
github.com/HeaInSeo/dag-go/node.go:314.8,316.3 1 0
github.com/HeaInSeo/dag-go/node.go:320.2,320.38 1 20136
github.com/HeaInSeo/dag-go/node.go:320.38,321.36 1 40133
github.com/HeaInSeo/dag-go/node.go:321.36,323.4 1 1
github.com/HeaInSeo/dag-go/node.go:326.2,329.41 3 20136
github.com/HeaInSeo/dag-go/node.go:333.51,335.2 1 20083
github.com/HeaInSeo/dag-go/node.go:338.40,342.2 3 1300
github.com/HeaInSeo/dag-go/node.go:347.70,348.38 1 27
github.com/HeaInSeo/dag-go/node.go:348.38,349.32 1 19
github.com/HeaInSeo/dag-go/node.go:349.32,351.4 1 1
github.com/HeaInSeo/dag-go/node.go:357.26,359.3 1 806
github.com/HeaInSeo/dag-go/node.go:363.71,368.2 4 121222
github.com/HeaInSeo/dag-go/node.go:371.42,375.2 3 121140
github.com/HeaInSeo/dag-go/node_nopprof.go:9.72,9.73 0 40241
github.com/HeaInSeo/dag-go/runner.go:25.40,27.2 1 1334
github.com/HeaInSeo/dag-go/runner.go:30.38,32.14 2 20092
github.com/HeaInSeo/dag-go/runner.go:32.14,34.3 1 5
github.com/HeaInSeo/dag-go/runner.go:35.2,35.26 1 20087
github.com/HeaInSeo/dag-go/runner.go:40.45,42.35 1 20086
github.com/HeaInSeo/dag-go/runner.go:42.35,44.3 1 13
github.com/HeaInSeo/dag-go/runner.go:47.2,49.32 3 20073
github.com/HeaInSeo/dag-go/runner.go:49.32,54.3 4 20071
github.com/HeaInSeo/dag-go/runner.go:55.2,55.15 1 20073
github.com/HeaInSeo/dag-go/runner.go:55.15,56.27 1 2
github.com/HeaInSeo/dag-go/runner.go:56.27,58.4 1 1
github.com/HeaInSeo/dag-go/runner.go:60.2,60.13 1 20072
github.com/HeaInSeo/dag-go/runner.go:65.43,69.35 3 2
github.com/HeaInSeo/dag-go/runner.go:69.35,72.3 1 1
github.com/HeaInSeo/dag-go/runner.go:73.2,74.13 2 1
github.com/HeaInSeo/dag-go/runner.go:80.53,82.14 2 20085
github.com/HeaInSeo/dag-go/runner.go:82.14,84.3 1 2
github.com/HeaInSeo/dag-go/runner.go:85.2,85.26 1 20083
github.com/HeaInSeo/dag-go/safechannel.go:26.59,31.2 1 60889
github.com/HeaInSeo/dag-go/safechannel.go:39.46,43.15 3 358
github.com/HeaInSeo/dag-go/safechannel.go:43.15,45.3 1 2
github.com/HeaInSeo/dag-go/safechannel.go:47.2,47.9 1 356
github.com/HeaInSeo/dag-go/safechannel.go:48.17,49.15 1 0
github.com/HeaInSeo/dag-go/safechannel.go:50.10,50.10 0 356
github.com/HeaInSeo/dag-go/safechannel.go:52.2,52.9 1 356
github.com/HeaInSeo/dag-go/safechannel.go:53.22,54.14 1 164
github.com/HeaInSeo/dag-go/safechannel.go:55.10,56.15 1 192
github.com/HeaInSeo/dag-go/safechannel.go:75.75,79.15 3 161300
github.com/HeaInSeo/dag-go/safechannel.go:79.15,81.3 1 37
github.com/HeaInSeo/dag-go/safechannel.go:82.2,82.9 1 161263
github.com/HeaInSeo/dag-go/safechannel.go:83.22,84.14 1 161247
github.com/HeaInSeo/dag-go/safechannel.go:85.20,86.15 1 15
github.com/HeaInSeo/dag-go/safechannel.go:87.17,88.15 1 1
github.com/HeaInSeo/dag-go/safechannel.go:100.47,103.24 1 60539
github.com/HeaInSeo/dag-go/safechannel.go:103.24,103.42 1 60531
github.com/HeaInSeo/dag-go/safechannel.go:105.2,108.15 3 60539
github.com/HeaInSeo/dag-go/safechannel.go:108.15,110.3 1 8
github.com/HeaInSeo/dag-go/safechannel.go:113.2,113.15 1 60531
github.com/HeaInSeo/dag-go/safechannel.go:113.15,114.31 1 60531
github.com/HeaInSeo/dag-go/safechannel.go:114.31,116.4 1 0
github.com/HeaInSeo/dag-go/safechannel.go:119.2,121.12 3 60531
github.com/HeaInSeo/dag-go/safechannel.go:125.47,127.2 1 120959
